Log file open, 05/17/21 23:36:47
LogWindows: Failed to load 'aqProf.dll' (GetLastError=126)
LogWindows: File 'aqProf.dll' does not exist
LogWindows: Failed to load 'VtuneApi.dll' (GetLastError=126)
LogWindows: File 'VtuneApi.dll' does not exist
LogWindows: Failed to load 'VtuneApi32e.dll' (GetLastError=126)
LogWindows: File 'VtuneApi32e.dll' does not exist
LogConsoleResponse: Display: Failed to find resolution value strings in scalability ini. Falling back to default.
LogInit: Display: Running engine for game: DarkMarsHearts
LogPakFile: Registered encryption key '00000000000000000000000000000000': 0 pak files mounted, 0 remain pending
LogPlatformFile: Not using cached read wrapper
LogTaskGraph: Started task graph with 5 named threads and 14 total threads with 3 sets of task threads.
LogStats: Stats thread started at 0.531505
LogD3D11RHI: Loaded GFSDK_Aftermath_Lib.x64.dll
LogICUInternationalization: ICU TimeZone Detection - Raw Offset: +0:00, Platform Override: ''
LogPluginManager: Mounting plugin Paper2D
LogPluginManager: Mounting plugin AISupport
LogPluginManager: Mounting plugin LightPropagationVolume
LogPluginManager: Mounting plugin ActorLayerUtilities
LogPluginManager: Mounting plugin CLionSourceCodeAccess
LogPluginManager: Mounting plugin CodeLiteSourceCodeAccess
LogPluginManager: Mounting plugin GitSourceControl
LogPluginManager: Mounting plugin KDevelopSourceCodeAccess
LogPluginManager: Mounting plugin NullSourceCodeAccess
LogPluginManager: Mounting plugin PerforceSourceControl
LogPluginManager: Mounting plugin SubversionSourceControl
LogPluginManager: Mounting plugin UObjectPlugin
LogPluginManager: Mounting plugin VisualStudioCodeSourceCodeAccess
LogPluginManager: Mounting plugin VisualStudioSourceCodeAccess
LogPluginManager: Mounting plugin XCodeSourceCodeAccess
LogPluginManager: Mounting plugin AssetManagerEditor
LogPluginManager: Mounting plugin CryptoKeys
LogPluginManager: Mounting plugin DataValidation
LogPluginManager: Mounting plugin FacialAnimation
LogPluginManager: Mounting plugin GameplayTagsEditor
LogPluginManager: Mounting plugin MacGraphicsSwitching
LogPluginManager: Mounting plugin MeshEditor
LogPluginManager: Mounting plugin MobileLauncherProfileWizard
LogPluginManager: Mounting plugin PluginBrowser
LogPluginManager: Mounting plugin SpeedTreeImporter
LogPluginManager: Mounting plugin DatasmithContent
LogPluginManager: Mounting plugin VariantManagerContent
LogPluginManager: Mounting plugin AlembicImporter
LogPluginManager: Mounting plugin AppleImageUtils
LogPluginManager: Mounting plugin AppleVision
LogPluginManager: Mounting plugin BackChannel
LogPluginManager: Mounting plugin CharacterAI
LogPluginManager: Mounting plugin GeometryCache
LogPluginManager: Mounting plugin HTML5Networking
LogPluginManager: Mounting plugin ProxyLODPlugin
LogPluginManager: Mounting plugin MagicLeap
LogPluginManager: Mounting plugin MagicLeapMedia
LogPluginManager: Mounting plugin SpiderNavigation
LogPluginManager: Mounting plugin AndroidMedia
LogPluginManager: Mounting plugin AvfMedia
LogPluginManager: Mounting plugin ImgMedia
LogPluginManager: Mounting plugin LinearTimecode
LogPluginManager: Mounting plugin MediaCompositing
LogPluginManager: Mounting plugin MediaPlayerEditor
LogPluginManager: Mounting plugin WebMMedia
LogPluginManager: Mounting plugin WmfMedia
LogPluginManager: Mounting plugin TcpMessaging
LogPluginManager: Mounting plugin UdpMessaging
LogPluginManager: Mounting plugin ActorSequence
LogPluginManager: Mounting plugin LevelSequenceEditor
LogPluginManager: Mounting plugin MatineeToLevelSequence
LogPluginManager: Mounting plugin NetcodeUnitTest
LogPluginManager: Mounting plugin NUTUnrealEngine4
LogPluginManager: Mounting plugin OnlineSubsystemGooglePlay
LogPluginManager: Mounting plugin OnlineSubsystemIOS
LogPluginManager: Mounting plugin OnlineSubsystem
LogPluginManager: Mounting plugin OnlineSubsystemNull
LogPluginManager: Mounting plugin OnlineSubsystemUtils
LogPluginManager: Mounting plugin LauncherChunkInstaller
LogPluginManager: Mounting plugin AndroidDeviceProfileSelector
LogPluginManager: Mounting plugin AndroidMoviePlayer
LogPluginManager: Mounting plugin AndroidPermission
LogPluginManager: Mounting plugin AppleMoviePlayer
LogPluginManager: Mounting plugin ArchVisCharacter
LogPluginManager: Mounting plugin AudioCapture
LogPluginManager: Mounting plugin CableComponent
LogPluginManager: Mounting plugin CustomMeshComponent
LogPluginManager: Mounting plugin EditableMesh
LogPluginManager: Mounting plugin ExampleDeviceProfileSelector
LogPluginManager: Mounting plugin Firebase
LogPluginManager: Mounting plugin GoogleCloudMessaging
LogPluginManager: Mounting plugin IOSDeviceProfileSelector
LogPluginManager: Mounting plugin LinuxDeviceProfileSelector
LogPluginManager: Mounting plugin LocationServicesBPLibrary
LogPluginManager: Mounting plugin MobilePatchingUtils
LogPluginManager: Mounting plugin OculusVR
LogPluginManager: Mounting plugin PhysXVehicles
LogPluginManager: Mounting plugin ProceduralMeshComponent
LogPluginManager: Mounting plugin RuntimePhysXCooking
LogPluginManager: Mounting plugin WebMMoviePlayer
LogPluginManager: Mounting plugin WindowsMoviePlayer
LogStreaming: Display: Took  0.581s to configure plugins.
LogInit: Using libcurl 7.55.1-DEV
LogInit:  - built for x86_64-pc-win32
LogInit:  - supports SSL with OpenSSL/1.0.2h
LogInit:  - supports HTTP deflate (compression) using libz 1.2.8
LogInit:  - other features:
LogInit:      CURL_VERSION_SSL
LogInit:      CURL_VERSION_LIBZ
LogInit:      CURL_VERSION_IPV6
LogInit:      CURL_VERSION_ASYNCHDNS
LogInit:      CURL_VERSION_LARGEFILE
LogInit:      CURL_VERSION_IDN
LogInit:  CurlRequestOptions (configurable via config and command line):
LogInit:  - bVerifyPeer = true  - Libcurl will verify peer certificate
LogInit:  - bUseHttpProxy = false  - Libcurl will NOT use HTTP proxy
LogInit:  - bDontReuseConnections = false  - Libcurl will reuse connections
LogInit:  - MaxHostConnections = 16  - Libcurl will limit the number of connections to a host
LogInit:  - LocalHostAddr = Default
LogInit:  - BufferSize = 65536
LogInit: WinSock: version 1.1 (2.2), MaxSocks=32767, MaxUdp=65467
LogHMD: Failed initializing OVRPlugin 1.28.0
LogInit: Build: ++UE4+Release-4.21-CL-4753647
LogInit: Engine Version: 4.21.2-4753647+++UE4+Release-4.21
LogInit: Compatible Engine Version: 4.21.0-4541578+++UE4+Release-4.21
LogInit: Net CL: 4541578
LogInit: OS: Windows 10 (), CPU: Intel(R) Core(TM) i5-4690K CPU @ 3.50GHz, GPU: NVIDIA GeForce RTX 2060
LogInit: Compiled (64-bit): Jan 19 2019 02:07:31
LogInit: Compiled with Visual C++: 19.13.26129.00
LogInit: Build Configuration: Development
LogInit: Branch Name: ++UE4+Release-4.21
LogInit: Command Line: 
LogInit: Base Directory: F:/Epic Games/UE_4.21/Engine/Binaries/Win64/
LogInit: Installed Engine Build: 1
LogDevObjectVersion: Number of dev versions registered: 22
LogDevObjectVersion:   Dev-Blueprints (B0D832E4-1F89-4F0D-ACCF-7EB736FD4AA2): 10
LogDevObjectVersion:   Dev-Build (E1C64328-A22C-4D53-A36C-8E866417BD8C): 0
LogDevObjectVersion:   Dev-Core (375EC13C-06E4-48FB-B500-84F0262A717E): 2
LogDevObjectVersion:   Dev-Editor (E4B068ED-F494-42E9-A231-DA0B2E46BB41): 26
LogDevObjectVersion:   Dev-Framework (CFFC743F-43B0-4480-9391-14DF171D2073): 34
LogDevObjectVersion:   Dev-Mobile (B02B49B5-BB20-44E9-A304-32B752E40360): 2
LogDevObjectVersion:   Dev-Networking (A4E4105C-59A1-49B5-A7C5-40C4547EDFEE): 0
LogDevObjectVersion:   Dev-Online (39C831C9-5AE6-47DC-9A44-9C173E1C8E7C): 0
LogDevObjectVersion:   Dev-Physics (78F01B33-EBEA-4F98-B9B4-84EACCB95AA2): 0
LogDevObjectVersion:   Dev-Platform (6631380F-2D4D-43E0-8009-CF276956A95A): 0
LogDevObjectVersion:   Dev-Rendering (12F88B9F-8875-4AFC-A67C-D90C383ABD29): 27
LogDevObjectVersion:   Dev-Sequencer (7B5AE74C-D270-4C10-A958-57980B212A5A): 9
LogDevObjectVersion:   Dev-VR (D7296918-1DD6-4BDD-9DE2-64A83CC13884): 2
LogDevObjectVersion:   Dev-LoadTimes (C2A15278-BFE7-4AFE-6C17-90FF531DF755): 1
LogDevObjectVersion:   Private-Geometry (6EACA3D4-40EC-4CC1-B786-8BED09428FC5): 3
LogDevObjectVersion:   Dev-AnimPhys (29E575DD-E0A3-4627-9D10-D276232CDCEA): 17
LogDevObjectVersion:   Dev-Anim (AF43A65D-7FD3-4947-9873-3E8ED9C1BB05): 2
LogDevObjectVersion:   Dev-ReflectionCapture (6B266CEC-1EC7-4B8F-A30B-E4D90942FC07): 1
LogDevObjectVersion:   Dev-Automation (0DF73D61-A23F-47EA-B727-89E90C41499A): 1
LogDevObjectVersion:   FortniteMain (601D1886-AC64-4F84-AA16-D3DE0DEAC7D6): 17
LogDevObjectVersion:   Dev-Enterprise (9DFFBCD6-494F-0158-E221-12823C92A888): 4
LogDevObjectVersion:   Dev-Niagara (F2AED0AC-9AFE-416F-8664-AA7FFA26D6FC): 1
LogStreaming: Display: Took  0.046s to delete old logs.
LogInit: Presizing for max 8388607 objects, including 0 objects not considered by GC, pre-allocating 0 bytes for permanent pool.
LogInit: Object subsystem initialized
LogConfig: Setting CVar [[con.DebugEarlyDefault:1]]
LogConfig: Setting CVar [[r.setres:1280x720]]
[2021.05.17-22.36.49:527][  0]LogConfig: Setting CVar [[r.VSync:0]]
[2021.05.17-22.36.49:527][  0]LogConfig: Setting CVar [[r.RHICmdBypass:0]]
[2021.05.17-22.36.49:527][  0]LogConfig: Applying CVar settings from Section [/Script/Engine.RendererSettings] File [F:/GitHub/DarkMarsHearts/DarkMarsHearts/Saved/Config/Windows/Engine.ini]
[2021.05.17-22.36.49:527][  0]LogConfig: Setting CVar [[r.GPUCrashDebugging:0]]
[2021.05.17-22.36.49:527][  0]LogConfig: Applying CVar settings from Section [/Script/Engine.RendererOverrideSettings] File [F:/GitHub/DarkMarsHearts/DarkMarsHearts/Saved/Config/Windows/Engine.ini]
[2021.05.17-22.36.49:527][  0]LogConfig: Applying CVar settings from Section [/Script/Engine.StreamingSettings] File [F:/GitHub/DarkMarsHearts/DarkMarsHearts/Saved/Config/Windows/Engine.ini]
[2021.05.17-22.36.49:527][  0]LogConfig: Setting CVar [[s.MinBulkDataSizeForAsyncLoading:131072]]
[2021.05.17-22.36.49:527][  0]LogConfig: Setting CVar [[s.AsyncLoadingThreadEnabled:0]]
[2021.05.17-22.36.49:527][  0]LogConfig: Setting CVar [[s.EventDrivenLoaderEnabled:1]]
[2021.05.17-22.36.49:527][  0]LogConfig: Setting CVar [[s.WarnIfTimeLimitExceeded:0]]
[2021.05.17-22.36.49:527][  0]LogConfig: Setting CVar [[s.TimeLimitExceededMultiplier:1.5]]
[2021.05.17-22.36.49:527][  0]LogConfig: Setting CVar [[s.TimeLimitExceededMinTime:0.005]]
[2021.05.17-22.36.49:527][  0]LogConfig: Setting CVar [[s.UseBackgroundLevelStreaming:1]]
[2021.05.17-22.36.49:527][  0]LogConfig: Setting CVar [[s.PriorityAsyncLoadingExtraTime:15.0]]
[2021.05.17-22.36.49:527][  0]LogConfig: Setting CVar [[s.LevelStreamingActorsUpdateTimeLimit:5.0]]
[2021.05.17-22.36.49:527][  0]LogConfig: Setting CVar [[s.PriorityLevelStreamingActorsUpdateExtraTime:5.0]]
[2021.05.17-22.36.49:527][  0]LogConfig: Setting CVar [[s.LevelStreamingComponentsRegistrationGranularity:10]]
[2021.05.17-22.36.49:527][  0]LogConfig: Setting CVar [[s.UnregisterComponentsTimeLimit:1.0]]
[2021.05.17-22.36.49:527][  0]LogConfig: Setting CVar [[s.LevelStreamingComponentsUnregistrationGranularity:5]]
[2021.05.17-22.36.49:528][  0]LogConfig: Applying CVar settings from Section [/Script/Engine.GarbageCollectionSettings] File [F:/GitHub/DarkMarsHearts/DarkMarsHearts/Saved/Config/Windows/Engine.ini]
[2021.05.17-22.36.49:528][  0]LogConfig: Setting CVar [[gc.MaxObjectsNotConsideredByGC:1]]
[2021.05.17-22.36.49:528][  0]LogConfig: Setting CVar [[gc.SizeOfPermanentObjectPool:0]]
[2021.05.17-22.36.49:528][  0]LogConfig: Setting CVar [[gc.FlushStreamingOnGC:0]]
[2021.05.17-22.36.49:528][  0]LogConfig: Setting CVar [[gc.NumRetriesBeforeForcingGC:10]]
[2021.05.17-22.36.49:528][  0]LogConfig: Setting CVar [[gc.AllowParallelGC:1]]
[2021.05.17-22.36.49:528][  0]LogConfig: Setting CVar [[gc.TimeBetweenPurgingPendingKillObjects:61.1]]
[2021.05.17-22.36.49:528][  0]LogConfig: Setting CVar [[gc.MaxObjectsInEditor:8388607]]
[2021.05.17-22.36.49:528][  0]LogConfig: Setting CVar [[gc.IncrementalBeginDestroyEnabled:1]]
[2021.05.17-22.36.49:528][  0]LogConfig: Setting CVar [[gc.CreateGCClusters:1]]
[2021.05.17-22.36.49:528][  0]LogConfig: Setting CVar [[gc.MergeGCClusters:0]]
[2021.05.17-22.36.49:528][  0]LogConfig: Setting CVar [[gc.MinGCClusterSize:5]]
[2021.05.17-22.36.49:528][  0]LogConfig: Setting CVar [[gc.ActorClusteringEnabled:0]]
[2021.05.17-22.36.49:528][  0]LogConfig: Setting CVar [[gc.BlueprintClusteringEnabled:0]]
[2021.05.17-22.36.49:528][  0]LogConfig: Setting CVar [[gc.UseDisregardForGCOnDedicatedServers:0]]
[2021.05.17-22.36.49:528][  0]LogConfig: Applying CVar settings from Section [/Script/Engine.NetworkSettings] File [F:/GitHub/DarkMarsHearts/DarkMarsHearts/Saved/Config/Windows/Engine.ini]
[2021.05.17-22.36.49:528][  0]LogConfig: Applying CVar settings from Section [/Script/UnrealEd.CookerSettings] File [F:/GitHub/DarkMarsHearts/DarkMarsHearts/Saved/Config/Windows/Engine.ini]
[2021.05.17-22.36.49:534][  0]LogConfig: Applying CVar settings from Section [ViewDistanceQuality@3] File [F:/GitHub/DarkMarsHearts/DarkMarsHearts/Saved/Config/Windows/Scalability.ini]
[2021.05.17-22.36.49:535][  0]LogConfig: Setting CVar [[r.SkeletalMeshLODBias:0]]
[2021.05.17-22.36.49:535][  0]LogConfig: Setting CVar [[r.ViewDistanceScale:1.0]]
[2021.05.17-22.36.49:535][  0]LogConfig: Applying CVar settings from Section [AntiAliasingQuality@3] File [F:/GitHub/DarkMarsHearts/DarkMarsHearts/Saved/Config/Windows/Scalability.ini]
[2021.05.17-22.36.49:535][  0]LogConfig: Setting CVar [[r.PostProcessAAQuality:4]]
[2021.05.17-22.36.49:535][  0]LogConfig: Applying CVar settings from Section [ShadowQuality@3] File [F:/GitHub/DarkMarsHearts/DarkMarsHearts/Saved/Config/Windows/Scalability.ini]
[2021.05.17-22.36.49:535][  0]LogConfig: Setting CVar [[r.LightFunctionQuality:1]]
[2021.05.17-22.36.49:535][  0]LogConfig: Setting CVar [[r.ShadowQuality:5]]
[2021.05.17-22.36.49:535][  0]LogConfig: Setting CVar [[r.Shadow.CSM.MaxCascades:10]]
[2021.05.17-22.36.49:535][  0]LogConfig: Setting CVar [[r.Shadow.MaxResolution:2048]]
[2021.05.17-22.36.49:535][  0]LogConfig: Setting CVar [[r.Shadow.MaxCSMResolution:2048]]
[2021.05.17-22.36.49:535][  0]LogConfig: Setting CVar [[r.Shadow.RadiusThreshold:0.01]]
[2021.05.17-22.36.49:535][  0]LogConfig: Setting CVar [[r.Shadow.DistanceScale:1.0]]
[2021.05.17-22.36.49:535][  0]LogConfig: Setting CVar [[r.Shadow.CSM.TransitionScale:1.0]]
[2021.05.17-22.36.49:535][  0]LogConfig: Setting CVar [[r.Shadow.PreShadowResolutionFactor:1.0]]
[2021.05.17-22.36.49:535][  0]LogConfig: Setting CVar [[r.DistanceFieldShadowing:1]]
[2021.05.17-22.36.49:535][  0]LogConfig: Setting CVar [[r.DistanceFieldAO:1]]
[2021.05.17-22.36.49:535][  0]LogConfig: Setting CVar [[r.AOQuality:2]]
[2021.05.17-22.36.49:535][  0]LogConfig: Setting CVar [[r.VolumetricFog:1]]
[2021.05.17-22.36.49:535][  0]LogConfig: Setting CVar [[r.VolumetricFog.GridPixelSize:8]]
[2021.05.17-22.36.49:535][  0]LogConfig: Setting CVar [[r.VolumetricFog.GridSizeZ:128]]
[2021.05.17-22.36.49:535][  0]LogConfig: Setting CVar [[r.VolumetricFog.HistoryMissSupersampleCount:4]]
[2021.05.17-22.36.49:535][  0]LogConfig: Setting CVar [[r.LightMaxDrawDistanceScale:1]]
[2021.05.17-22.36.49:535][  0]LogConfig: Setting CVar [[r.CapsuleShadows:1]]
[2021.05.17-22.36.49:535][  0]LogConfig: Applying CVar settings from Section [PostProcessQuality@3] File [F:/GitHub/DarkMarsHearts/DarkMarsHearts/Saved/Config/Windows/Scalability.ini]
[2021.05.17-22.36.49:535][  0]LogConfig: Setting CVar [[r.MotionBlurQuality:4]]
[2021.05.17-22.36.49:535][  0]LogConfig: Setting CVar [[r.AmbientOcclusionMipLevelFactor:0.4]]
[2021.05.17-22.36.49:535][  0]LogConfig: Setting CVar [[r.AmbientOcclusionMaxQuality:100]]
[2021.05.17-22.36.49:535][  0]LogConfig: Setting CVar [[r.AmbientOcclusionLevels:-1]]
[2021.05.17-22.36.49:535][  0]LogConfig: Setting CVar [[r.AmbientOcclusionRadiusScale:1.0]]
[2021.05.17-22.36.49:535][  0]LogConfig: Setting CVar [[r.DepthOfFieldQuality:2]]
[2021.05.17-22.36.49:535][  0]LogConfig: Setting CVar [[r.RenderTargetPoolMin:400]]
[2021.05.17-22.36.49:535][  0]LogConfig: Setting CVar [[r.LensFlareQuality:2]]
[2021.05.17-22.36.49:535][  0]LogConfig: Setting CVar [[r.SceneColorFringeQuality:1]]
[2021.05.17-22.36.49:535][  0]LogConfig: Setting CVar [[r.EyeAdaptationQuality:2]]
[2021.05.17-22.36.49:535][  0]LogConfig: Setting CVar [[r.BloomQuality:5]]
[2021.05.17-22.36.49:535][  0]LogConfig: Setting CVar [[r.FastBlurThreshold:100]]
[2021.05.17-22.36.49:535][  0]LogConfig: Setting CVar [[r.Upscale.Quality:3]]
[2021.05.17-22.36.49:535][  0]LogConfig: Setting CVar [[r.Tonemapper.GrainQuantization:1]]
[2021.05.17-22.36.49:535][  0]LogConfig: Setting CVar [[r.LightShaftQuality:1]]
[2021.05.17-22.36.49:535][  0]LogConfig: Setting CVar [[r.Filter.SizeScale:1]]
[2021.05.17-22.36.49:535][  0]LogConfig: Setting CVar [[r.Tonemapper.Quality:5]]
[2021.05.17-22.36.49:535][  0]LogConfig: Setting CVar [[r.DOF.Gather.AccumulatorQuality:1        ; higher gathering accumulator quality]]
[2021.05.17-22.36.49:535][  0]LogConfig: Setting CVar [[r.DOF.Gather.PostfilterMethod:1          ; Median3x3 postfilering method]]
[2021.05.17-22.36.49:535][  0]LogConfig: Setting CVar [[r.DOF.Gather.EnableBokehSettings:0       ; no bokeh simulation when gathering]]
[2021.05.17-22.36.49:535][  0]LogConfig: Setting CVar [[r.DOF.Gather.RingCount:4                 ; medium number of samples when gathering]]
[2021.05.17-22.36.49:535][  0]LogConfig: Setting CVar [[r.DOF.Scatter.ForegroundCompositing:1    ; additive foreground scattering]]
[2021.05.17-22.36.49:535][  0]LogConfig: Setting CVar [[r.DOF.Scatter.BackgroundCompositing:2    ; additive background scattering]]
[2021.05.17-22.36.49:535][  0]LogConfig: Setting CVar [[r.DOF.Scatter.EnableBokehSettings:1      ; bokeh simulation when scattering]]
[2021.05.17-22.36.49:535][  0]LogConfig: Setting CVar [[r.DOF.Scatter.MaxSpriteRatio:0.1         ; only a maximum of 10% of scattered bokeh]]
[2021.05.17-22.36.49:535][  0]LogConfig: Setting CVar [[r.DOF.Recombine.Quality:1                ; cheap slight out of focus]]
[2021.05.17-22.36.49:535][  0]LogConfig: Setting CVar [[r.DOF.Recombine.EnableBokehSettings:0    ; no bokeh simulation on slight out of focus]]
[2021.05.17-22.36.49:535][  0]LogConfig: Setting CVar [[r.DOF.TemporalAAQuality:1                ; more stable temporal accumulation]]
[2021.05.17-22.36.49:535][  0]LogConfig: Setting CVar [[r.DOF.Kernel.MaxForegroundRadius:0.025]]
[2021.05.17-22.36.49:535][  0]LogConfig: Setting CVar [[r.DOF.Kernel.MaxBackgroundRadius:0.025]]
[2021.05.17-22.36.49:535][  0]LogConfig: Applying CVar settings from Section [TextureQuality@3] File [F:/GitHub/DarkMarsHearts/DarkMarsHearts/Saved/Config/Windows/Scalability.ini]
[2021.05.17-22.36.49:535][  0]LogConfig: Setting CVar [[r.Streaming.MipBias:0]]
[2021.05.17-22.36.49:535][  0]LogConfig: Setting CVar [[r.Streaming.AmortizeCPUToGPUCopy:0]]
[2021.05.17-22.36.49:535][  0]LogConfig: Setting CVar [[r.Streaming.MaxNumTexturesToStreamPerFrame:0]]
[2021.05.17-22.36.49:535][  0]LogConfig: Setting CVar [[r.Streaming.Boost:1]]
[2021.05.17-22.36.49:535][  0]LogConfig: Setting CVar [[r.MaxAnisotropy:8]]
[2021.05.17-22.36.49:535][  0]LogConfig: Setting CVar [[r.Streaming.LimitPoolSizeToVRAM:0]]
[2021.05.17-22.36.49:535][  0]LogConfig: Setting CVar [[r.Streaming.PoolSize:1000]]
[2021.05.17-22.36.49:535][  0]LogConfig: Setting CVar [[r.Streaming.MaxEffectiveScreenSize:0]]
[2021.05.17-22.36.49:535][  0]LogConfig: Applying CVar settings from Section [EffectsQuality@3] File [F:/GitHub/DarkMarsHearts/DarkMarsHearts/Saved/Config/Windows/Scalability.ini]
[2021.05.17-22.36.49:535][  0]LogConfig: Setting CVar [[r.TranslucencyLightingVolumeDim:64]]
[2021.05.17-22.36.49:535][  0]LogConfig: Setting CVar [[r.RefractionQuality:2]]
[2021.05.17-22.36.49:535][  0]LogConfig: Setting CVar [[r.SSR.Quality:3]]
[2021.05.17-22.36.49:535][  0]LogConfig: Setting CVar [[r.SceneColorFormat:4]]
[2021.05.17-22.36.49:535][  0]LogConfig: Setting CVar [[r.DetailMode:2]]
[2021.05.17-22.36.49:535][  0]LogConfig: Setting CVar [[r.TranslucencyVolumeBlur:1]]
[2021.05.17-22.36.49:535][  0]LogConfig: Setting CVar [[r.MaterialQualityLevel:1 ; High quality]]
[2021.05.17-22.36.49:535][  0]LogConfig: Setting CVar [[r.SSS.Scale:1]]
[2021.05.17-22.36.49:535][  0]LogConfig: Setting CVar [[r.SSS.SampleSet:2]]
[2021.05.17-22.36.49:535][  0]LogConfig: Setting CVar [[r.SSS.Quality:1]]
[2021.05.17-22.36.49:535][  0]LogConfig: Setting CVar [[r.SSS.HalfRes:1]]
[2021.05.17-22.36.49:535][  0]LogConfig: Setting CVar [[r.EmitterSpawnRateScale:1.0]]
[2021.05.17-22.36.49:535][  0]LogConfig: Setting CVar [[r.ParticleLightQuality:2]]
[2021.05.17-22.36.49:535][  0]LogConfig: Applying CVar settings from Section [FoliageQuality@3] File [F:/GitHub/DarkMarsHearts/DarkMarsHearts/Saved/Config/Windows/Scalability.ini]
[2021.05.17-22.36.49:535][  0]LogConfig: Setting CVar [[foliage.DensityScale:1.0]]
[2021.05.17-22.36.49:535][  0]LogConfig: Setting CVar [[grass.DensityScale:1.0]]
[2021.05.17-22.36.49:535][  0]LogInit: Selected Device Profile: [Windows]
[2021.05.17-22.36.49:535][  0]LogInit: Applying CVar settings loaded from the selected device profile: [Windows]
[2021.05.17-22.36.49:560][  0]LogHAL: Display: Platform has ~ 16 GB [17124519936 / 17179869184 / 16], which maps to Larger [LargestMinGB=32, LargerMinGB=12, DefaultMinGB=8, SmallerMinGB=6, SmallestMinGB=0)
[2021.05.17-22.36.49:560][  0]LogConfig: Setting CVar [[r.Vulkan.UseRealUBs:1]]
[2021.05.17-22.36.49:560][  0]LogInit: Going up to parent DeviceProfile []
[2021.05.17-22.36.49:560][  0]LogConfig: Applying CVar settings from Section [ViewDistanceQuality@2] File [F:/GitHub/DarkMarsHearts/DarkMarsHearts/Saved/Config/Windows/Scalability.ini]
[2021.05.17-22.36.49:560][  0]LogConfig: Setting CVar [[r.SkeletalMeshLODBias:0]]
[2021.05.17-22.36.49:560][  0]LogConfig: Setting CVar [[r.ViewDistanceScale:0.8]]
[2021.05.17-22.36.49:560][  0]LogConfig: Applying CVar settings from Section [AntiAliasingQuality@2] File [F:/GitHub/DarkMarsHearts/DarkMarsHearts/Saved/Config/Windows/Scalability.ini]
[2021.05.17-22.36.49:560][  0]LogConfig: Setting CVar [[r.PostProcessAAQuality:3]]
[2021.05.17-22.36.49:560][  0]LogConfig: Applying CVar settings from Section [ShadowQuality@3] File [F:/GitHub/DarkMarsHearts/DarkMarsHearts/Saved/Config/Windows/Scalability.ini]
[2021.05.17-22.36.49:560][  0]LogConfig: Setting CVar [[r.LightFunctionQuality:1]]
[2021.05.17-22.36.49:560][  0]LogConfig: Setting CVar [[r.ShadowQuality:5]]
[2021.05.17-22.36.49:560][  0]LogConfig: Setting CVar [[r.Shadow.CSM.MaxCascades:10]]
[2021.05.17-22.36.49:560][  0]LogConfig: Setting CVar [[r.Shadow.MaxResolution:2048]]
[2021.05.17-22.36.49:560][  0]LogConfig: Setting CVar [[r.Shadow.MaxCSMResolution:2048]]
[2021.05.17-22.36.49:560][  0]LogConfig: Setting CVar [[r.Shadow.RadiusThreshold:0.01]]
[2021.05.17-22.36.49:560][  0]LogConfig: Setting CVar [[r.Shadow.DistanceScale:1.0]]
[2021.05.17-22.36.49:560][  0]LogConfig: Setting CVar [[r.Shadow.CSM.TransitionScale:1.0]]
[2021.05.17-22.36.49:560][  0]LogConfig: Setting CVar [[r.Shadow.PreShadowResolutionFactor:1.0]]
[2021.05.17-22.36.49:560][  0]LogConfig: Setting CVar [[r.DistanceFieldShadowing:1]]
[2021.05.17-22.36.49:560][  0]LogConfig: Setting CVar [[r.DistanceFieldAO:1]]
[2021.05.17-22.36.49:560][  0]LogConfig: Setting CVar [[r.AOQuality:2]]
[2021.05.17-22.36.49:560][  0]LogConfig: Setting CVar [[r.VolumetricFog:1]]
[2021.05.17-22.36.49:560][  0]LogConfig: Setting CVar [[r.VolumetricFog.GridPixelSize:8]]
[2021.05.17-22.36.49:560][  0]LogConfig: Setting CVar [[r.VolumetricFog.GridSizeZ:128]]
[2021.05.17-22.36.49:560][  0]LogConfig: Setting CVar [[r.VolumetricFog.HistoryMissSupersampleCount:4]]
[2021.05.17-22.36.49:560][  0]LogConfig: Setting CVar [[r.LightMaxDrawDistanceScale:1]]
[2021.05.17-22.36.49:560][  0]LogConfig: Setting CVar [[r.CapsuleShadows:1]]
[2021.05.17-22.36.49:560][  0]LogConfig: Applying CVar settings from Section [PostProcessQuality@2] File [F:/GitHub/DarkMarsHearts/DarkMarsHearts/Saved/Config/Windows/Scalability.ini]
[2021.05.17-22.36.49:560][  0]LogConfig: Setting CVar [[r.MotionBlurQuality:3]]
[2021.05.17-22.36.49:560][  0]LogConfig: Setting CVar [[r.AmbientOcclusionMipLevelFactor:0.6]]
[2021.05.17-22.36.49:560][  0]LogConfig: Setting CVar [[r.AmbientOcclusionMaxQuality:100]]
[2021.05.17-22.36.49:560][  0]LogConfig: Setting CVar [[r.AmbientOcclusionLevels:-1]]
[2021.05.17-22.36.49:560][  0]LogConfig: Setting CVar [[r.AmbientOcclusionRadiusScale:1.5]]
[2021.05.17-22.36.49:560][  0]LogConfig: Setting CVar [[r.DepthOfFieldQuality:2]]
[2021.05.17-22.36.49:560][  0]LogConfig: Setting CVar [[r.RenderTargetPoolMin:400]]
[2021.05.17-22.36.49:560][  0]LogConfig: Setting CVar [[r.LensFlareQuality:2]]
[2021.05.17-22.36.49:560][  0]LogConfig: Setting CVar [[r.SceneColorFringeQuality:1]]
[2021.05.17-22.36.49:560][  0]LogConfig: Setting CVar [[r.EyeAdaptationQuality:2]]
[2021.05.17-22.36.49:560][  0]LogConfig: Setting CVar [[r.BloomQuality:5]]
[2021.05.17-22.36.49:560][  0]LogConfig: Setting CVar [[r.FastBlurThreshold:3]]
[2021.05.17-22.36.49:560][  0]LogConfig: Setting CVar [[r.Upscale.Quality:2]]
[2021.05.17-22.36.49:560][  0]LogConfig: Setting CVar [[r.Tonemapper.GrainQuantization:1]]
[2021.05.17-22.36.49:560][  0]LogConfig: Setting CVar [[r.LightShaftQuality:1]]
[2021.05.17-22.36.49:560][  0]LogConfig: Setting CVar [[r.Filter.SizeScale:0.8]]
[2021.05.17-22.36.49:560][  0]LogConfig: Setting CVar [[r.Tonemapper.Quality:5]]
[2021.05.17-22.36.49:560][  0]LogConfig: Setting CVar [[r.DOF.Gather.AccumulatorQuality:0        ; lower gathering accumulator quality]]
[2021.05.17-22.36.49:560][  0]LogConfig: Setting CVar [[r.DOF.Gather.PostfilterMethod:2          ; Max3x3 postfilering method]]
[2021.05.17-22.36.49:560][  0]LogConfig: Setting CVar [[r.DOF.Gather.EnableBokehSettings:0       ; no bokeh simulation when gathering]]
[2021.05.17-22.36.49:560][  0]LogConfig: Setting CVar [[r.DOF.Gather.RingCount:4                 ; medium number of samples when gathering]]
[2021.05.17-22.36.49:560][  0]LogConfig: Setting CVar [[r.DOF.Scatter.ForegroundCompositing:1    ; additive foreground scattering]]
[2021.05.17-22.36.49:560][  0]LogConfig: Setting CVar [[r.DOF.Scatter.BackgroundCompositing:1    ; no background occlusion]]
[2021.05.17-22.36.49:560][  0]LogConfig: Setting CVar [[r.DOF.Scatter.EnableBokehSettings:0      ; no bokeh simulation when scattering]]
[2021.05.17-22.36.49:560][  0]LogConfig: Setting CVar [[r.DOF.Scatter.MaxSpriteRatio:0.04        ; only a maximum of 4% of scattered bokeh]]
[2021.05.17-22.36.49:560][  0]LogConfig: Setting CVar [[r.DOF.Recombine.Quality:0                ; no slight out of focus]]
[2021.05.17-22.36.49:560][  0]LogConfig: Setting CVar [[r.DOF.TemporalAAQuality:0                ; faster temporal accumulation]]
[2021.05.17-22.36.49:560][  0]LogConfig: Setting CVar [[r.DOF.Kernel.MaxForegroundRadius:0.012   ; required because of AccumulatorQuality=0]]
[2021.05.17-22.36.49:560][  0]LogConfig: Setting CVar [[r.DOF.Kernel.MaxBackgroundRadius:0.012   ; required because of AccumulatorQuality=0]]
[2021.05.17-22.36.49:560][  0]LogConfig: Applying CVar settings from Section [TextureQuality@2] File [F:/GitHub/DarkMarsHearts/DarkMarsHearts/Saved/Config/Windows/Scalability.ini]
[2021.05.17-22.36.49:560][  0]LogConfig: Setting CVar [[r.Streaming.MipBias:0]]
[2021.05.17-22.36.49:560][  0]LogConfig: Setting CVar [[r.Streaming.AmortizeCPUToGPUCopy:0]]
[2021.05.17-22.36.49:560][  0]LogConfig: Setting CVar [[r.Streaming.MaxNumTexturesToStreamPerFrame:0]]
[2021.05.17-22.36.49:560][  0]LogConfig: Setting CVar [[r.Streaming.Boost:1]]
[2021.05.17-22.36.49:560][  0]LogConfig: Setting CVar [[r.MaxAnisotropy:4]]
[2021.05.17-22.36.49:560][  0]LogConfig: Setting CVar [[r.Streaming.LimitPoolSizeToVRAM:1]]
[2021.05.17-22.36.49:560][  0]LogConfig: Setting CVar [[r.Streaming.PoolSize:800]]
[2021.05.17-22.36.49:560][  0]LogConfig: Setting CVar [[r.Streaming.MaxEffectiveScreenSize:0]]
[2021.05.17-22.36.49:560][  0]LogConfig: Applying CVar settings from Section [EffectsQuality@2] File [F:/GitHub/DarkMarsHearts/DarkMarsHearts/Saved/Config/Windows/Scalability.ini]
[2021.05.17-22.36.49:560][  0]LogConfig: Setting CVar [[r.TranslucencyLightingVolumeDim:48]]
[2021.05.17-22.36.49:560][  0]LogConfig: Setting CVar [[r.RefractionQuality:2]]
[2021.05.17-22.36.49:560][  0]LogConfig: Setting CVar [[r.SSR.Quality:2]]
[2021.05.17-22.36.49:561][  0]LogConfig: Setting CVar [[r.SceneColorFormat:3]]
[2021.05.17-22.36.49:561][  0]LogConfig: Setting CVar [[r.DetailMode:1]]
[2021.05.17-22.36.49:561][  0]LogConfig: Setting CVar [[r.TranslucencyVolumeBlur:1]]
[2021.05.17-22.36.49:561][  0]LogConfig: Setting CVar [[r.MaterialQualityLevel:1 ; High quality]]
[2021.05.17-22.36.49:561][  0]LogConfig: Setting CVar [[r.SSS.Scale:1]]
[2021.05.17-22.36.49:561][  0]LogConfig: Setting CVar [[r.SSS.SampleSet:1]]
[2021.05.17-22.36.49:561][  0]LogConfig: Setting CVar [[r.SSS.Quality:-1]]
[2021.05.17-22.36.49:561][  0]LogConfig: Setting CVar [[r.SSS.HalfRes:1]]
[2021.05.17-22.36.49:561][  0]LogConfig: Setting CVar [[r.EmitterSpawnRateScale:0.5]]
[2021.05.17-22.36.49:561][  0]LogConfig: Setting CVar [[r.ParticleLightQuality:1]]
[2021.05.17-22.36.49:561][  0]LogConfig: Applying CVar settings from Section [FoliageQuality@2] File [F:/GitHub/DarkMarsHearts/DarkMarsHearts/Saved/Config/Windows/Scalability.ini]
[2021.05.17-22.36.49:561][  0]LogConfig: Setting CVar [[foliage.DensityScale:0.8]]
[2021.05.17-22.36.49:561][  0]LogConfig: Setting CVar [[grass.DensityScale:0.8]]
[2021.05.17-22.36.49:561][  0]LogConfig: Applying CVar settings from Section [Startup] File [../../../Engine/Config/ConsoleVariables.ini]
[2021.05.17-22.36.49:572][  0]LogConfig: Setting CVar [[net.UseAdaptiveNetUpdateFrequency:0]]
[2021.05.17-22.36.49:572][  0]LogConfig: Applying CVar settings from Section [ConsoleVariables] File [F:/GitHub/DarkMarsHearts/DarkMarsHearts/Saved/Config/Windows/Engine.ini]
[2021.05.17-22.36.49:573][  0]LogInit: Computer: THAI-PC
[2021.05.17-22.36.49:573][  0]LogInit: User: Thai
[2021.05.17-22.36.49:573][  0]LogInit: CPU Page size=4096, Cores=4
[2021.05.17-22.36.49:573][  0]LogInit: High frequency timer resolution =10.000000 MHz
[2021.05.17-22.36.49:573][  0]LogMemory: Memory total: Physical=15.9GB (16GB approx)
[2021.05.17-22.36.49:573][  0]LogMemory: Platform Memory Stats for Windows
[2021.05.17-22.36.49:573][  0]LogMemory: Process Physical Memory: 106.85 MB used, 106.86 MB peak
[2021.05.17-22.36.49:573][  0]LogMemory: Process Virtual Memory: 96.50 MB used, 96.50 MB peak
[2021.05.17-22.36.49:573][  0]LogMemory: Physical Memory: 6761.96 MB used,  9569.25 MB free, 16331.21 MB total
[2021.05.17-22.36.49:573][  0]LogMemory: Virtual Memory: 4643.89 MB used,  134213080.00 MB free, 134217728.00 MB total
[2021.05.17-22.36.49:770][  0]LogInit: Using OS detected language (en-US).
[2021.05.17-22.36.49:770][  0]LogInit: Using OS detected locale (en-US).
[2021.05.17-22.36.49:790][  0]LogTextLocalizationManager: No specific localization for 'en-US' exists, so the 'en' localization will be used.
[2021.05.17-22.36.50:412][  0]LogStreaming: Display: Took  0.642s to InitEngineTextLocalization.
[2021.05.17-22.36.50:412][  0]LogInit: Setting process to per monitor DPI aware
[2021.05.17-22.36.50:758][  0]LogSlate: New Slate User Created.  User Index 0, Is Virtual User: 0
[2021.05.17-22.36.50:758][  0]LogSlate: Slate User Registered.  User Index 0, Is Virtual User: 0
[2021.05.17-22.36.53:427][  0]LogD3D11RHI: D3D11 adapters:
[2021.05.17-22.36.53:561][  0]LogD3D11RHI:    0. 'NVIDIA GeForce RTX 2060' (Feature Level 11_0)
[2021.05.17-22.36.53:561][  0]LogD3D11RHI:       5967/0/8165 MB DedicatedVideo/DedicatedSystem/SharedSystem, Outputs:2, VendorId:0x10de
[2021.05.17-22.36.53:563][  0]LogD3D11RHI:    1. 'Microsoft Basic Render Driver' (Feature Level 11_0)
[2021.05.17-22.36.53:563][  0]LogD3D11RHI:       0/0/8165 MB DedicatedVideo/DedicatedSystem/SharedSystem, Outputs:0, VendorId:0x1414
[2021.05.17-22.36.53:563][  0]LogD3D11RHI: Chosen D3D11 Adapter: 0
[2021.05.17-22.36.53:568][  0]LogD3D11RHI: Creating new Direct3DDevice
[2021.05.17-22.36.53:568][  0]LogD3D11RHI:     GPU DeviceId: 0x1e89 (for the marketing name, search the web for "GPU Device Id")
[2021.05.17-22.36.53:568][  0]LogWindows: EnumDisplayDevices:
[2021.05.17-22.36.53:568][  0]LogWindows:    0. 'NVIDIA GeForce RTX 2060' (P:0 D:1)
[2021.05.17-22.36.53:569][  0]LogWindows:    1. 'NVIDIA GeForce RTX 2060' (P:1 D:1)
[2021.05.17-22.36.53:569][  0]LogWindows:    2. 'NVIDIA GeForce RTX 2060' (P:0 D:0)
[2021.05.17-22.36.53:570][  0]LogWindows:    3. 'NVIDIA GeForce RTX 2060' (P:0 D:0)
[2021.05.17-22.36.53:570][  0]LogWindows: DebugString: FoundDriverCount:4 
[2021.05.17-22.36.53:570][  0]LogD3D11RHI:     Adapter Name: NVIDIA GeForce RTX 2060
[2021.05.17-22.36.53:570][  0]LogD3D11RHI:   Driver Version: 460.79 (internal:27.21.14.6079, unified:460.79)
[2021.05.17-22.36.53:570][  0]LogD3D11RHI:      Driver Date: 12-3-2020
[2021.05.17-22.36.53:570][  0]LogRHI: Texture pool is 4176 MB (70% of 5967 MB)
[2021.05.17-22.36.53:637][  0]LogD3D11RHI: Async texture creation enabled
[2021.05.17-22.36.53:656][  0]LogD3D11RHI: GPU Timing Frequency: 1000.000000 (Debug: 2 1)
[2021.05.17-22.36.54:163][  0]LogTemp: Display: Loaded TP AllDesktopTargetPlatform
[2021.05.17-22.36.54:189][  0]LogTemp: Display: Loaded TP MacClientTargetPlatform
[2021.05.17-22.36.54:209][  0]LogTemp: Display: Loaded TP MacNoEditorTargetPlatform
[2021.05.17-22.36.54:231][  0]LogTemp: Display: Loaded TP MacServerTargetPlatform
[2021.05.17-22.36.54:262][  0]LogTemp: Display: Loaded TP MacTargetPlatform
[2021.05.17-22.36.54:286][  0]LogTemp: Display: Loaded TP WindowsClientTargetPlatform
[2021.05.17-22.36.54:311][  0]LogTemp: Display: Loaded TP WindowsNoEditorTargetPlatform
[2021.05.17-22.36.54:327][  0]LogTemp: Display: Loaded TP WindowsServerTargetPlatform
[2021.05.17-22.36.54:345][  0]LogTemp: Display: Loaded TP WindowsTargetPlatform
[2021.05.17-22.36.54:485][  0]LogTemp: Display: Loaded TP AndroidTargetPlatform
[2021.05.17-22.36.54:485][  0]LogTemp: Display: Loaded TP AndroidTargetPlatform
[2021.05.17-22.36.54:485][  0]LogTemp: Display: Loaded TP AndroidTargetPlatform
[2021.05.17-22.36.54:485][  0]LogTemp: Display: Loaded TP AndroidTargetPlatform
[2021.05.17-22.36.54:485][  0]LogTemp: Display: Loaded TP AndroidTargetPlatform
[2021.05.17-22.36.54:485][  0]LogTemp: Display: Loaded TP AndroidTargetPlatform
[2021.05.17-22.36.54:485][  0]LogTemp: Display: Loaded TP AndroidTargetPlatform
[2021.05.17-22.36.54:485][  0]LogTemp: Display: Loaded TP AndroidTargetPlatform
[2021.05.17-22.36.54:485][  0]LogTemp: Display: Loaded TP AndroidTargetPlatform
[2021.05.17-22.36.54:485][  0]LogTemp: Display: Loaded TP AndroidTargetPlatform
[2021.05.17-22.36.54:485][  0]LogTemp: Display: Loaded TP AndroidTargetPlatform
[2021.05.17-22.36.54:485][  0]LogTemp: Display: Loaded TP AndroidTargetPlatform
[2021.05.17-22.36.54:485][  0]LogTemp: Display: Loaded TP AndroidTargetPlatform
[2021.05.17-22.36.54:485][  0]LogTemp: Display: Loaded TP AndroidTargetPlatform
[2021.05.17-22.36.54:485][  0]LogTemp: Display: Loaded TP AndroidTargetPlatform
[2021.05.17-22.36.54:485][  0]LogTemp: Display: Loaded TP AndroidTargetPlatform
[2021.05.17-22.36.54:485][  0]LogTemp: Display: Loaded TP AndroidTargetPlatform
[2021.05.17-22.36.54:485][  0]LogTemp: Display: Loaded TP AndroidTargetPlatform
[2021.05.17-22.36.54:510][  0]LogTemp: Display: Loaded TP HTML5TargetPlatform
[2021.05.17-22.36.54:654][  0]LogTemp: Display: Loaded TP IOSTargetPlatform
[2021.05.17-22.36.54:654][  0]LogTemp: Display: Loaded TP IOSTargetPlatform
[2021.05.17-22.36.54:682][  0]LogTemp: Display: Loaded TP TVOSTargetPlatform
[2021.05.17-22.36.54:682][  0]LogTemp: Display: Loaded TP TVOSTargetPlatform
[2021.05.17-22.36.54:706][  0]LogTemp: Display: Loaded TP LinuxClientTargetPlatform
[2021.05.17-22.36.54:724][  0]LogTemp: Display: Loaded TP LinuxNoEditorTargetPlatform
[2021.05.17-22.36.54:742][  0]LogTemp: Display: Loaded TP LinuxServerTargetPlatform
[2021.05.17-22.36.54:776][  0]LogTemp: Display: Loaded TP LinuxTargetPlatform
[2021.05.17-22.36.54:835][  0]LogTemp: Display: Loaded TP LuminTargetPlatform
[2021.05.17-22.36.54:835][  0]LogTemp: Display: Loaded TP LuminTargetPlatform
[2021.05.17-22.36.54:835][  0]LogTargetPlatformManager: Display: Building Assets For Windows
[2021.05.17-22.36.55:170][  0]LogShaderCompilers: Guid format shader working directory is -6 characters bigger than the processId version (../../../../../GitHub/DarkMarsHearts/DarkMarsHearts/Intermediate/Shaders/WorkingDirectory/5096/).
[2021.05.17-22.36.55:171][  0]LogShaderCompilers: Cleaned the shader compiler working directory 'C:/Users/Thai/AppData/Local/Temp/UnrealShaderWorkingDir/0279EFBE4BABCCC516EBD2B82FC0738C/'.
[2021.05.17-22.36.55:183][  0]LogXGEController: Cleaning working directory: C:/Users/Thai/AppData/Local/Temp/UnrealXGEWorkingDir/
[2021.05.17-22.36.55:183][  0]LogXGEController: Cannot use XGE Controller as Incredibuild is not installed on this machine.
[2021.05.17-22.36.55:183][  0]LogShaderCompilers: Cannot use XGE Shader Compiler as Incredibuild is not installed on this machine.
[2021.05.17-22.36.55:183][  0]LogShaderCompilers: Display: Using Local Shader Compiler.
[2021.05.17-22.36.56:773][  0]LogDerivedDataCache: Display: Max Cache Size: 512 MB
[2021.05.17-22.36.57:118][  0]LogDerivedDataCache: Loaded boot cache 0.34s 71MB C:/Users/Thai/AppData/Local/UnrealEngine/4.21/DerivedDataCache/Boot.ddc.
[2021.05.17-22.36.57:118][  0]LogDerivedDataCache: Display: Loaded Boot cache: C:/Users/Thai/AppData/Local/UnrealEngine/4.21/DerivedDataCache/Boot.ddc
[2021.05.17-22.36.57:118][  0]LogDerivedDataCache: FDerivedDataBackendGraph:  Pak pak cache file ../../../../../GitHub/DarkMarsHearts/DarkMarsHearts/DerivedDataCache/DDC.ddp not found, will not use a pak cache.
[2021.05.17-22.36.57:118][  0]LogDerivedDataCache: Unable to find inner node Pak for hierarchical cache Hierarchy.
[2021.05.17-22.36.57:118][  0]LogDerivedDataCache: FDerivedDataBackendGraph:  CompressedPak pak cache file ../../../../../GitHub/DarkMarsHearts/DarkMarsHearts/DerivedDataCache/Compressed.ddp not found, will not use a pak cache.
[2021.05.17-22.36.57:118][  0]LogDerivedDataCache: Unable to find inner node CompressedPak for hierarchical cache Hierarchy.
[2021.05.17-22.36.57:162][  0]LogDerivedDataCache: Display: Pak cache opened for reading ../../../Engine/DerivedDataCache/Compressed.ddp.
[2021.05.17-22.36.57:162][  0]LogDerivedDataCache: FDerivedDataBackendGraph:  EnterprisePak pak cache file ../../../Enterprise/DerivedDataCache/Compressed.ddp not found, will not use a pak cache.
[2021.05.17-22.36.57:162][  0]LogDerivedDataCache: Unable to find inner node EnterprisePak for hierarchical cache Hierarchy.
[2021.05.17-22.36.57:204][  0]LogDerivedDataCache: Using Local data cache path C:/Users/Thai/AppData/Local/UnrealEngine/Common/DerivedDataCache: Writable
[2021.05.17-22.36.57:204][  0]LogDerivedDataCache: Shared data cache path not found in *engine.ini, will not use an Shared cache.
[2021.05.17-22.36.57:204][  0]LogDerivedDataCache: Unable to find inner node Shared for hierarchical cache Hierarchy.
[2021.05.17-22.36.57:231][  0]LogMaterial: Verifying Global Shaders for PCD3D_SM5
[2021.05.17-22.36.57:232][  0]LogSlate: Using FreeType 2.6.0
[2021.05.17-22.36.57:298][  0]LogSlate: SlateFontServices - WITH_FREETYPE: 1, WITH_HARFBUZZ: 1
[2021.05.17-22.36.58:078][  0]LogAssetRegistry: FAssetRegistry took 0.0400 seconds to start up
[2021.05.17-22.36.58:681][  0]LogInit: Selected Device Profile: [Windows]
[2021.05.17-22.36.59:545][  0]LogSimplygon: Simplygon DLL not present - disabling.
[2021.05.17-22.36.59:664][  0]LogMeshReduction: Using SimplygonSwarm for distributed automatic mesh merging
[2021.05.17-22.36.59:664][  0]LogMeshReduction: Using ProxyLODMeshReduction for automatic mesh merging
[2021.05.17-22.36.59:664][  0]LogMeshReduction: Using QuadricMeshReduction for automatic static mesh reduction
[2021.05.17-22.36.59:664][  0]LogMeshReduction: No automatic skeletal mesh reduction module available
[2021.05.17-22.36.59:878][  0]LogNetVersion: DarkMarsHearts 1.0.0, NetCL: 4541578, EngineNetVer: 5, GameNetVer: 0 (Checksum: 3587245957)
[2021.05.17-22.37.03:427][  0]LogPackageLocalizationCache: Processed 11 localized package path(s) for 2 prioritized culture(s) in 0.116027 seconds
[2021.05.17-22.37.03:433][  0]LogUObjectArray: 39550 objects as part of root set at end of initial load.
[2021.05.17-22.37.03:433][  0]LogUObjectAllocator: 6877128 out of 0 bytes used by permanent object pool.
[2021.05.17-22.37.03:433][  0]LogUObjectArray: CloseDisregardForGC: 0/0 objects in disregard for GC pool
[2021.05.17-22.37.19:180][  0]LogTcpMessaging: Initializing TcpMessaging bridge
[2021.05.17-22.37.19:204][  0]LogUdpMessaging: Initializing bridge on interface 0.0.0.0:0 to multicast group 230.0.0.1:6666.
[2021.05.17-22.37.20:929][  0]SourceControl: Source control is disabled
[2021.05.17-22.37.20:930][  0]SourceControl: Source control is disabled
[2021.05.17-22.37.20:960][  0]SourceControl: Source control is disabled
[2021.05.17-22.37.20:967][  0]SourceControl: Source control is disabled
[2021.05.17-22.37.21:355][  0]LogSpiderNavigation: Hi from Spider Navigation
[2021.05.17-22.37.21:552][  0]LogAndroidPermission: UAndroidPermissionCallbackProxy::GetInstance
[2021.05.17-22.37.21:827][  0]LogOcInput: OculusInput pre-init called
[2021.05.17-22.37.22:128][  0]LogClass: Warning: FSpiderNavNode::Normal is not initialized properly
[2021.05.17-22.37.22:128][  0]LogClass: Display: 1 Uninitialized script stuct members found
[2021.05.17-22.37.22:128][  0]LogAutomationTest: Warning: FSpiderNavNode::Normal is not initialized properly
[2021.05.17-22.37.22:146][  0]LogEngine: Initializing Engine...
[2021.05.17-22.37.22:147][  0]LogStats: UGameplayTagsManager::ConstructGameplayTagTree: ImportINI prefixes -  0.000 s
[2021.05.17-22.37.22:147][  0]LogStats: UGameplayTagsManager::ConstructGameplayTagTree: Construct from data asset -  0.000 s
[2021.05.17-22.37.22:158][  0]LogStats: UGameplayTagsManager::ConstructGameplayTagTree: ImportINI -  0.011 s
[2021.05.17-22.37.22:158][  0]LogStats: UGameplayTagsManager::ConstructGameplayTagTree: GameplayTagTreeChangedEvent.Broadcast -  0.000 s
[2021.05.17-22.37.22:750][  0]LogInit: Initializing FReadOnlyCVARCache
[2021.05.17-22.37.22:822][  0]LogAIModule: Creating AISystem for world Untitled
[2021.05.17-22.37.22:883][  0]LogInit: XAudio2 using 'Speakers (Realtek High Definition Audio)' : 2 channels at 48 kHz using 32 bits per sample (channel mask 0x3)
[2021.05.17-22.37.22:921][  0]LogInit: FAudioDevice initialized.
[2021.05.17-22.37.22:921][  0]LogNetVersion: Set ProjectVersion to 1.0.0.0. Version Checksum will be recalculated on next use.
[2021.05.17-22.37.23:107][  0]LogDerivedDataCache: Saved boot cache 0.19s 71MB C:/Users/Thai/AppData/Local/UnrealEngine/4.21/DerivedDataCache/Boot.ddc.
[2021.05.17-22.37.23:107][  0]LogInit: Texture streaming: Enabled
[2021.05.17-22.37.23:194][  0]LogEngineSessionManager: EngineSessionManager initialized
[2021.05.17-22.37.23:204][  0]LogEngineSessionManager: EngineSessionManager sent abnormal shutdown report. Type=AbnormalShutdown, SessionId={0C4F2B67-49E2-4531-4ECE-23BDA59C2486}
[2021.05.17-22.37.23:265][  0]LogInit: Transaction tracking system initialized
[2021.05.17-22.37.23:396][  0]BlueprintLog: New page: Editor Load
[2021.05.17-22.37.23:906][  0]LocalizationService: Localization service is disabled
[2021.05.17-22.37.24:310][  0]LogLinker: Warning: Can't find file '/Game/RPG/FlyingBP/FlyingOverview'
[2021.05.17-22.37.24:311][  0]LogLinker: Warning: Can't find file '/Game/RPG/FlyingBP/FlyingOverview'
[2021.05.17-22.37.24:311][  0]LogUObjectGlobals: Warning: Failed to find object 'Class /Game/RPG/FlyingBP/FlyingOverview.FlyingOverview_C'
[2021.05.17-22.37.25:800][  0]LogFileCache: Scanning file cache for directory 'F:/GitHub/DarkMarsHearts/DarkMarsHearts/Content/' took 0.01s
[2021.05.17-22.37.25:800][  0]LogCook: Display: Max memory allowance for cook 16384mb min free memory 0mb
[2021.05.17-22.37.25:800][  0]LogCook: Display: Mobile HDR setting 1
[2021.05.17-22.37.25:800][  0]LogGameplayTags: Display: UGameplayTagsManager::DoneAddingNativeTags. DelegateIsBound: 0
[2021.05.17-22.37.25:800][  0]LogStats: UGameplayTagsManager::ConstructGameplayTagTree: ImportINI prefixes -  0.000 s
[2021.05.17-22.37.25:800][  0]LogStats: UGameplayTagsManager::ConstructGameplayTagTree: Construct from data asset -  0.000 s
[2021.05.17-22.37.25:800][  0]LogStats: UGameplayTagsManager::ConstructGameplayTagTree: ImportINI -  0.000 s
[2021.05.17-22.37.25:800][  0]LogStats: UGameplayTagsManager::ConstructGameplayTagTree: GameplayTagTreeChangedEvent.Broadcast -  0.000 s
[2021.05.17-22.37.28:087][  0]SourceControl: Source control is disabled
[2021.05.17-22.37.28:087][  0]Cmd: MAP LOAD FILE="../../../../../GitHub/DarkMarsHearts/DarkMarsHearts/Content/FirstPersonBP/Maps/FirstPersonExampleMap.umap" TEMPLATE=0 SHOWPROGRESS=1 FEATURELEVEL=3
[2021.05.17-22.37.28:087][  0]LightingResults: New page: Lighting Build
[2021.05.17-22.37.28:122][  0]MapCheck: New page: Map Check
[2021.05.17-22.37.28:122][  0]LightingResults: New page: Lighting Build
[2021.05.17-22.37.31:319][  0]LogAIModule: Creating AISystem for world FirstPersonExampleMap
[2021.05.17-22.37.31:433][  0]LogEditorServer: Finished looking for orphan Actors (0.000 secs)
[2021.05.17-22.37.31:463][  0]Cmd: MAP CHECKDEP NOCLEARLOG
[2021.05.17-22.37.31:463][  0]MapCheck: Map check complete: 0 Error(s), 0 Warning(s), took 0.114ms to complete.
[2021.05.17-22.37.31:463][  0]LogFileHelpers: Loading map 'FirstPersonExampleMap' took 3.377
[2021.05.17-22.37.31:698][  0]LogSlate: Updating window title bar state: overlay mode, drag disabled, window buttons hidden, title bar hidden
[2021.05.17-22.37.31:706][  0]LogSlate: Updating window title bar state: overlay mode, drag disabled, window buttons hidden, title bar hidden
[2021.05.17-22.37.31:713][  0]LogSlate: Updating window title bar state: overlay mode, drag disabled, window buttons hidden, title bar hidden
[2021.05.17-22.37.31:721][  0]LogSlate: Updating window title bar state: overlay mode, drag disabled, window buttons hidden, title bar hidden
[2021.05.17-22.37.31:750][  0]LogCollectionManager: Loaded 0 collections in 0.001336 seconds
[2021.05.17-22.37.31:804][  0]LogFileCache: Scanning file cache for directory 'F:/GitHub/DarkMarsHearts/DarkMarsHearts/Saved/Collections/' took 0.01s
[2021.05.17-22.37.31:804][  0]LogFileCache: Scanning file cache for directory 'F:/GitHub/DarkMarsHearts/DarkMarsHearts/Content/Developers/Thai/Collections/' took 0.01s
[2021.05.17-22.37.31:804][  0]LogFileCache: Scanning file cache for directory 'F:/GitHub/DarkMarsHearts/DarkMarsHearts/Content/Collections/' took 0.01s
[2021.05.17-22.37.31:804][  0]LogCollectionManager: Rebuilt the GUID cache for 0 collections in 0.000000 seconds
[2021.05.17-22.37.31:813][  0]LogContentBrowser: Native class hierarchy populated in 0.0092 seconds. Added 2654 classes and 618 folders.
[2021.05.17-22.37.31:849][  0]LogContentBrowser: Native class hierarchy updated for 'WidgetCarousel' in 0.0004 seconds. Added 0 classes and 0 folders.
[2021.05.17-22.37.31:881][  0]LogPakFile: Registered encryption key '00000000000000000000000000000000': 0 pak files mounted, 0 remain pending
[2021.05.17-22.37.31:910][  0]LogPakFile: Registered encryption key '00000000000000000000000000000000': 0 pak files mounted, 0 remain pending
[2021.05.17-22.37.31:921][  0]LogPakFile: Registered encryption key '00000000000000000000000000000000': 0 pak files mounted, 0 remain pending
[2021.05.17-22.37.31:941][  0]LogPakFile: Registered encryption key '00000000000000000000000000000000': 0 pak files mounted, 0 remain pending
[2021.05.17-22.37.31:950][  0]LogPakFile: Registered encryption key '00000000000000000000000000000000': 0 pak files mounted, 0 remain pending
[2021.05.17-22.37.31:962][  0]LogPakFile: Registered encryption key '00000000000000000000000000000000': 0 pak files mounted, 0 remain pending
[2021.05.17-22.37.31:973][  0]LogPakFile: Registered encryption key '00000000000000000000000000000000': 0 pak files mounted, 0 remain pending
[2021.05.17-22.37.31:995][  0]LogPakFile: Registered encryption key '00000000000000000000000000000000': 0 pak files mounted, 0 remain pending
[2021.05.17-22.37.32:002][  0]LogPakFile: Registered encryption key '00000000000000000000000000000000': 0 pak files mounted, 0 remain pending
[2021.05.17-22.37.32:019][  0]LogPakFile: Registered encryption key '00000000000000000000000000000000': 0 pak files mounted, 0 remain pending
[2021.05.17-22.37.32:034][  0]LogPakFile: Registered encryption key '00000000000000000000000000000000': 0 pak files mounted, 0 remain pending
[2021.05.17-22.37.32:044][  0]LogPakFile: Registered encryption key '00000000000000000000000000000000': 0 pak files mounted, 0 remain pending
[2021.05.17-22.37.32:062][  0]LogPakFile: Registered encryption key '00000000000000000000000000000000': 0 pak files mounted, 0 remain pending
[2021.05.17-22.37.32:068][  0]LogPakFile: Registered encryption key '00000000000000000000000000000000': 0 pak files mounted, 0 remain pending
[2021.05.17-22.37.32:087][  0]LogPakFile: Registered encryption key '00000000000000000000000000000000': 0 pak files mounted, 0 remain pending
[2021.05.17-22.37.32:105][  0]LogPakFile: Registered encryption key '00000000000000000000000000000000': 0 pak files mounted, 0 remain pending
[2021.05.17-22.37.32:117][  0]LogPakFile: Registered encryption key '00000000000000000000000000000000': 0 pak files mounted, 0 remain pending
[2021.05.17-22.37.32:126][  0]LogPakFile: Registered encryption key '00000000000000000000000000000000': 0 pak files mounted, 0 remain pending
[2021.05.17-22.37.32:135][  0]LogPakFile: Registered encryption key '00000000000000000000000000000000': 0 pak files mounted, 0 remain pending
[2021.05.17-22.37.32:144][  0]LogPakFile: Registered encryption key '00000000000000000000000000000000': 0 pak files mounted, 0 remain pending
[2021.05.17-22.37.32:157][  0]LogPakFile: Registered encryption key '00000000000000000000000000000000': 0 pak files mounted, 0 remain pending
[2021.05.17-22.37.32:161][  0]LogPakFile: Registered encryption key '00000000000000000000000000000000': 0 pak files mounted, 0 remain pending
[2021.05.17-22.37.32:180][  0]LogPakFile: Registered encryption key '00000000000000000000000000000000': 0 pak files mounted, 0 remain pending
[2021.05.17-22.37.32:196][  0]LogPakFile: Registered encryption key '00000000000000000000000000000000': 0 pak files mounted, 0 remain pending
[2021.05.17-22.37.32:216][  0]LogPakFile: Registered encryption key '00000000000000000000000000000000': 0 pak files mounted, 0 remain pending
[2021.05.17-22.37.32:229][  0]LogPakFile: Registered encryption key '00000000000000000000000000000000': 0 pak files mounted, 0 remain pending
[2021.05.17-22.37.32:829][  0]LogContentBrowser: Native class hierarchy updated for 'AddContentDialog' in 0.0003 seconds. Added 0 classes and 0 folders.
[2021.05.17-22.37.32:849][  0]LogContentBrowser: Native class hierarchy updated for 'SceneOutliner' in 0.0003 seconds. Added 1 classes and 2 folders.
[2021.05.17-22.37.32:884][  0]LogSlate: Took 0.011106 seconds to synchronously load lazily loaded font '../../../Engine/Content/Slate/Fonts/Roboto-Regular.ttf' (155K)
[2021.05.17-22.37.32:903][  0]LogSlate: Took 0.017388 seconds to synchronously load lazily loaded font '../../../Engine/Content/Slate/Fonts/Roboto-Bold.ttf' (160K)
[2021.05.17-22.37.32:920][  0]LogSlate: Took 0.012479 seconds to synchronously load lazily loaded font '../../../Engine/Content/Editor/Slate/Fonts/FontAwesome.ttf' (139K)
[2021.05.17-22.37.33:114][  0]LogRenderer: Reallocating scene render targets to support 1244x664 Format 9 NumSamples 1 (Frame:1).
[2021.05.17-22.37.33:283][  0]LogContentBrowser: Native class hierarchy updated for 'HierarchicalLODOutliner' in 0.0003 seconds. Added 0 classes and 0 folders.
[2021.05.17-22.37.33:283][  0]LogLoad: (Engine Initialization) Total time: 56.85 seconds
[2021.05.17-22.37.33:283][  0]LogLoad: (Engine Initialization) Total Blueprint compile time: 0.00 seconds
[2021.05.17-22.37.33:359][  0]LogContentStreaming: Texture pool size now 800 MB
[2021.05.17-22.37.33:446][  0]LogSlate: Took 0.016400 seconds to synchronously load lazily loaded font '../../../Engine/Content/Slate/Fonts/Roboto-Light.ttf' (167K)
[2021.05.17-22.37.33:920][  6]LogAssetRegistry: Asset discovery search completed in 35.8713 seconds
[2021.05.17-22.37.33:921][  6]LogCollectionManager: Rebuilt the object cache for 0 collections in 0.000000 seconds (found 0 objects)
[2021.05.17-22.37.33:921][  6]LogCollectionManager: Fixed up redirectors for 0 collections in 0.000054 seconds (updated 0 objects)
[2021.05.17-22.37.34:919][  9]LogSlate: Took 0.000169 seconds to synchronously load lazily loaded font '../../../Engine/Content/Slate/Fonts/Roboto-Light.ttf' (167K)
[2021.05.17-22.37.48:115][ 49]LogSlate: Window 'DarkMarsHearts - Unreal Editor' being destroyed
[2021.05.17-22.37.48:116][ 49]LogWindowsTextInputMethodSystem: Display: IME system now deactivated.
[2021.05.17-22.37.48:376][ 50]Cmd: QUIT_EDITOR
[2021.05.17-22.37.48:652][ 50]LogExit: Preparing to exit.
[2021.05.17-22.37.49:571][ 50]LogExit: Editor shut down
[2021.05.17-22.37.49:571][ 50]LogExit: Transaction tracking system shut down
[2021.05.17-22.37.50:947][ 50]LogExit: Object subsystem successfully closed.
[2021.05.17-22.37.51:046][ 50]LogShaderCompilers: Display: Shaders left to compile 0
[2021.05.17-22.37.51:080][ 50]LogD3D11RHI: Shutdown
[2021.05.17-22.37.51:080][ 50]LogD3D11RHI: CleanupD3DDevice
[2021.05.17-22.37.51:141][ 50]LogD3D11RHI: ~FD3D11DynamicRHI
[2021.05.17-22.37.52:163][ 50]LogModuleManager: Shutting down and abandoning module HierarchicalLODOutliner (620)
[2021.05.17-22.37.52:163][ 50]LogModuleManager: Shutting down and abandoning module SceneOutliner (618)
[2021.05.17-22.37.52:175][ 50]LogModuleManager: Shutting down and abandoning module AddContentDialog (616)
[2021.05.17-22.37.52:191][ 50]LogModuleManager: Shutting down and abandoning module WidgetCarousel (615)
[2021.05.17-22.37.52:191][ 50]LogModuleManager: Shutting down and abandoning module EditorWidgets (612)
[2021.05.17-22.37.52:191][ 50]LogModuleManager: Shutting down and abandoning module CollectionManager (610)
[2021.05.17-22.37.52:205][ 50]LogModuleManager: Shutting down and abandoning module StatsViewer (608)
[2021.05.17-22.37.52:228][ 50]LogModuleManager: Shutting down and abandoning module FoliageEdit (606)
[2021.05.17-22.37.52:228][ 50]LogModuleManager: Shutting down and abandoning module LandscapeEditor (604)
[2021.05.17-22.37.52:235][ 50]LogModuleManager: Shutting down and abandoning module MeshPaintMode (602)
[2021.05.17-22.37.52:235][ 50]LogModuleManager: Shutting down and abandoning module SceneDepthPickerMode (600)
[2021.05.17-22.37.52:235][ 50]LogModuleManager: Shutting down and abandoning module ActorPickerMode (598)
[2021.05.17-22.37.52:235][ 50]LogModuleManager: Shutting down and abandoning module GeometryMode (596)
[2021.05.17-22.37.52:235][ 50]LogModuleManager: Shutting down and abandoning module TextureAlignMode (594)
[2021.05.17-22.37.52:235][ 50]LogModuleManager: Shutting down and abandoning module BspMode (592)
[2021.05.17-22.37.52:235][ 50]LogModuleManager: Shutting down and abandoning module PIEPreviewDeviceProfileSelector (590)
[2021.05.17-22.37.52:267][ 50]LogModuleManager: Shutting down and abandoning module SequenceRecorderSections (588)
[2021.05.17-22.37.52:267][ 50]LogModuleManager: Shutting down and abandoning module AutomationWorker (586)
[2021.05.17-22.37.52:268][ 50]LogModuleManager: Shutting down and abandoning module AudioCaptureEditor (584)
[2021.05.17-22.37.52:268][ 50]LogModuleManager: Shutting down and abandoning module MatineeToLevelSequence (582)
[2021.05.17-22.37.52:268][ 50]LogModuleManager: Shutting down and abandoning module LevelSequenceEditor (580)
[2021.05.17-22.37.52:292][ 50]LogModuleManager: Shutting down and abandoning module PlacementMode (579)
[2021.05.17-22.37.52:292][ 50]LogModuleManager: Shutting down and abandoning module MaterialEditor (578)
[2021.05.17-22.37.52:292][ 50]LogModuleManager: Shutting down and abandoning module WmfMediaFactory (574)
[2021.05.17-22.37.52:292][ 50]LogModuleManager: Shutting down and abandoning module WmfMediaEditor (572)
[2021.05.17-22.37.52:292][ 50]LogModuleManager: Shutting down and abandoning module WebMMediaFactory (570)
[2021.05.17-22.37.52:292][ 50]LogModuleManager: Shutting down and abandoning module WebMMediaEditor (568)
[2021.05.17-22.37.52:292][ 50]LogModuleManager: Shutting down and abandoning module WebMMedia (566)
[2021.05.17-22.37.52:306][ 50]LogModuleManager: Shutting down and abandoning module MediaPlayerEditor (564)
[2021.05.17-22.37.52:307][ 50]LogModuleManager: Shutting down and abandoning module MediaCompositingEditor (562)
[2021.05.17-22.37.52:327][ 50]LogModuleManager: Shutting down and abandoning module SequenceRecorder (561)
[2021.05.17-22.37.52:327][ 50]LogModuleManager: Shutting down and abandoning module OpenExrWrapper (558)
[2021.05.17-22.37.52:327][ 50]LogModuleManager: Shutting down and abandoning module ImgMediaFactory (556)
[2021.05.17-22.37.52:327][ 50]LogModuleManager: Shutting down and abandoning module ImgMediaEditor (554)
[2021.05.17-22.37.52:327][ 50]LogModuleManager: Shutting down and abandoning module AvfMediaFactory (552)
[2021.05.17-22.37.52:327][ 50]LogModuleManager: Shutting down and abandoning module AvfMediaEditor (550)
[2021.05.17-22.37.52:327][ 50]LogModuleManager: Shutting down and abandoning module AndroidMediaFactory (548)
[2021.05.17-22.37.52:327][ 50]LogModuleManager: Shutting down and abandoning module AndroidMediaEditor (546)
[2021.05.17-22.37.52:327][ 50]LogModuleManager: Shutting down and abandoning module MagicLeapCameraPreviewFactory (544)
[2021.05.17-22.37.52:327][ 50]LogModuleManager: Shutting down and abandoning module MagicLeapMediaFactory (542)
[2021.05.17-22.37.52:327][ 50]LogModuleManager: Shutting down and abandoning module MagicLeapMediaEditor (540)
[2021.05.17-22.37.52:327][ 50]LogModuleManager: Shutting down and abandoning module CharacterAI (538)
[2021.05.17-22.37.52:327][ 50]LogModuleManager: Shutting down and abandoning module SmartSnapping (536)
[2021.05.17-22.37.52:327][ 50]LogModuleManager: Shutting down and abandoning module SessionServices (534)
[2021.05.17-22.37.52:327][ 50]LogModuleManager: Shutting down and abandoning module ViewportSnapping (532)
[2021.05.17-22.37.52:327][ 50]LogModuleManager: Shutting down and abandoning module ViewportInteraction (530)
[2021.05.17-22.37.52:327][ 50]LogModuleManager: Shutting down and abandoning module ClothPainter (528)
[2021.05.17-22.37.52:350][ 50]LogModuleManager: Shutting down and abandoning module SkeletalMeshEditor (527)
[2021.05.17-22.37.52:364][ 50]LogModuleManager: Shutting down and abandoning module LogVisualizer (524)
[2021.05.17-22.37.52:365][ 50]LogModuleManager: Shutting down and abandoning module IntroTutorials (522)
[2021.05.17-22.37.52:407][ 50]LogModuleManager: Shutting down and abandoning module GameProjectGeneration (521)
[2021.05.17-22.37.52:416][ 50]LogModuleManager: Shutting down and abandoning module LuminPlatformEditor (518)
[2021.05.17-22.37.52:416][ 50]LogModuleManager: Shutting down and abandoning module IOSPlatformEditor (516)
[2021.05.17-22.37.52:416][ 50]LogModuleManager: Shutting down and abandoning module HTML5PlatformEditor (514)
[2021.05.17-22.37.52:416][ 50]LogModuleManager: Shutting down and abandoning module AndroidPlatformEditor (512)
[2021.05.17-22.37.52:416][ 50]LogModuleManager: Shutting down and abandoning module AndroidDeviceDetection (511)
[2021.05.17-22.37.53:268][ 50]LogModuleManager: Shutting down and abandoning module WindowsPlatformEditor (508)
[2021.05.17-22.37.53:268][ 50]LogModuleManager: Shutting down and abandoning module LuminRuntimeSettings (506)
[2021.05.17-22.37.53:268][ 50]LogModuleManager: Shutting down and abandoning module IOSRuntimeSettings (504)
[2021.05.17-22.37.53:268][ 50]LogModuleManager: Shutting down and abandoning module AndroidRuntimeSettings (502)
[2021.05.17-22.37.53:268][ 50]LogModuleManager: Shutting down and abandoning module TimeManagementEditor (500)
[2021.05.17-22.37.53:268][ 50]LogModuleManager: Shutting down and abandoning module InputBindingEditor (498)
[2021.05.17-22.37.53:291][ 50]LogModuleManager: Shutting down and abandoning module MergeActors (496)
[2021.05.17-22.37.53:299][ 50]LogModuleManager: Shutting down and abandoning module LocalizationDashboard (494)
[2021.05.17-22.37.53:314][ 50]LogModuleManager: Shutting down and abandoning module LocalizationService (493)
[2021.05.17-22.37.53:319][ 50]LogModuleManager: Shutting down and abandoning module HardwareTargeting (490)
[2021.05.17-22.37.53:319][ 50]LogModuleManager: Shutting down and abandoning module DeviceProfileEditor (488)
[2021.05.17-22.37.53:330][ 50]LogModuleManager: Shutting down and abandoning module UndoHistory (486)
[2021.05.17-22.37.53:339][ 50]LogModuleManager: Shutting down and abandoning module XmlParser (484)
[2021.05.17-22.37.53:339][ 50]LogModuleManager: Shutting down and abandoning module Blutility (482)
[2021.05.17-22.37.53:339][ 50]LogModuleManager: Shutting down and abandoning module ProjectSettingsViewer (480)
[2021.05.17-22.37.53:339][ 50]LogModuleManager: Shutting down and abandoning module ProjectTargetPlatformEditor (479)
[2021.05.17-22.37.53:339][ 50]LogModuleManager: Shutting down and abandoning module EditorSettingsViewer (476)
[2021.05.17-22.37.53:339][ 50]LogModuleManager: Shutting down and abandoning module SettingsEditor (474)
[2021.05.17-22.37.53:365][ 50]LogModuleManager: Shutting down and abandoning module ProjectLauncher (472)
[2021.05.17-22.37.53:374][ 50]LogModuleManager: Shutting down and abandoning module SessionFrontend (470)
[2021.05.17-22.37.53:383][ 50]LogModuleManager: Shutting down and abandoning module ProfilerClient (468)
[2021.05.17-22.37.53:389][ 50]LogModuleManager: Shutting down and abandoning module DeviceManager (466)
[2021.05.17-22.37.53:402][ 50]LogModuleManager: Shutting down and abandoning module TargetDeviceServices (465)
[2021.05.17-22.37.53:457][ 50]LogModuleManager: Shutting down and abandoning module AutomationController (462)
[2021.05.17-22.37.53:476][ 50]LogModuleManager: Shutting down and abandoning module AutomationWindow (460)
[2021.05.17-22.37.53:491][ 50]LogModuleManager: Shutting down and abandoning module Layers (458)
[2021.05.17-22.37.53:506][ 50]LogModuleManager: Shutting down and abandoning module ComponentVisualizers (456)
[2021.05.17-22.37.53:506][ 50]LogModuleManager: Shutting down and abandoning module DetailCustomizations (454)
[2021.05.17-22.37.53:515][ 50]LogModuleManager: Shutting down and abandoning module PackagesDialog (452)
[2021.05.17-22.37.53:515][ 50]LogModuleManager: Shutting down and abandoning module Persona (450)
[2021.05.17-22.37.53:529][ 50]LogModuleManager: Shutting down and abandoning module AdvancedPreviewScene (449)
[2021.05.17-22.37.53:529][ 50]LogModuleManager: Shutting down and abandoning module AnimGraph (447)
[2021.05.17-22.37.53:530][ 50]LogModuleManager: Shutting down and abandoning module Kismet (444)
[2021.05.17-22.37.53:532][ 50]LogModuleManager: Shutting down and abandoning module GraphEditor (442)
[2021.05.17-22.37.53:532][ 50]LogModuleManager: Shutting down and abandoning module ClassViewer (440)
[2021.05.17-22.37.53:532][ 50]LogModuleManager: Shutting down and abandoning module Toolbox (438)
[2021.05.17-22.37.53:532][ 50]LogModuleManager: Shutting down and abandoning module ModuleUI (436)
[2021.05.17-22.37.53:545][ 50]LogModuleManager: Shutting down and abandoning module MovieSceneTools (434)
[2021.05.17-22.37.53:545][ 50]LogModuleManager: Shutting down and abandoning module OutputLog (432)
[2021.05.17-22.37.53:545][ 50]LogModuleManager: Shutting down and abandoning module GammaUI (430)
[2021.05.17-22.37.53:559][ 50]LogModuleManager: Shutting down and abandoning module Documentation (428)
[2021.05.17-22.37.53:559][ 50]LogModuleManager: Shutting down and abandoning module MovieSceneTracks (426)
[2021.05.17-22.37.53:559][ 50]LogModuleManager: Shutting down and abandoning module MovieScene (424)
[2021.05.17-22.37.53:567][ 50]LogModuleManager: Shutting down and abandoning module StreamingPauseRendering (422)
[2021.05.17-22.37.53:567][ 50]LogModuleManager: Shutting down and abandoning module LauncherPlatform (420)
[2021.05.17-22.37.53:567][ 50]LogModuleManager: Shutting down and abandoning module AnalyticsET (418)
[2021.05.17-22.37.53:567][ 50]LogModuleManager: Shutting down and abandoning module PortalServices (416)
[2021.05.17-22.37.53:567][ 50]LogModuleManager: Shutting down and abandoning module PortalRpc (414)
[2021.05.17-22.37.53:567][ 50]LogModuleManager: Shutting down and abandoning module MessagingRpc (412)
[2021.05.17-22.37.53:567][ 50]LogModuleManager: Shutting down and abandoning module AIModule (410)
[2021.05.17-22.37.53:577][ 50]LogModuleManager: Shutting down and abandoning module GameplayDebugger (409)
[2021.05.17-22.37.53:577][ 50]LogModuleManager: Shutting down and abandoning module AITestSuite (407)
[2021.05.17-22.37.53:586][ 50]LogModuleManager: Shutting down and abandoning module NavigationSystem (405)
[2021.05.17-22.37.53:586][ 50]LogModuleManager: Shutting down and abandoning module DesktopPlatform (402)
[2021.05.17-22.37.53:601][ 50]LogModuleManager: Shutting down and abandoning module ImageWriteQueue (400)
[2021.05.17-22.37.53:604][ 50]LogModuleManager: Shutting down and abandoning module ProfilerService (398)
[2021.05.17-22.37.53:731][ 50]LogModuleManager: Shutting down and abandoning module TaskGraph (396)
[2021.05.17-22.37.53:740][ 50]LogModuleManager: Shutting down and abandoning module ProceduralMeshComponentEditor (394)
[2021.05.17-22.37.53:740][ 50]LogModuleManager: Shutting down and abandoning module ProceduralMeshComponent (392)
[2021.05.17-22.37.53:753][ 50]LogModuleManager: Shutting down and abandoning module OculusInput (390)
[2021.05.17-22.37.53:753][ 50]LogModuleManager: Shutting down and abandoning module MobilePatchingUtils (388)
[2021.05.17-22.37.53:753][ 50]LogModuleManager: Shutting down and abandoning module EditableMesh (386)
[2021.05.17-22.37.53:760][ 50]LogModuleManager: Shutting down and abandoning module CustomMeshComponent (384)
[2021.05.17-22.37.53:760][ 50]LogModuleManager: Shutting down and abandoning module CableComponent (382)
[2021.05.17-22.37.53:760][ 50]LogModuleManager: Shutting down and abandoning module AudioCapture (380)
[2021.05.17-22.37.53:760][ 50]LogModuleManager: Shutting down and abandoning module ArchVisCharacter (378)
[2021.05.17-22.37.53:760][ 50]LogModuleManager: Shutting down and abandoning module AndroidPermission (376)
[2021.05.17-22.37.53:760][ 50]LogModuleManager: Shutting down and abandoning module NUTUnrealEngine4 (374)
[2021.05.17-22.37.53:764][ 50]LogModuleManager: Shutting down and abandoning module NetcodeUnitTest (372)
[2021.05.17-22.37.53:776][ 50]LogModuleManager: Shutting down and abandoning module MediaCompositing (370)
[2021.05.17-22.37.53:776][ 50]LogModuleManager: Shutting down and abandoning module LinearTimecode (368)
[2021.05.17-22.37.53:776][ 50]LogModuleManager: Shutting down and abandoning module ImgMedia (366)
[2021.05.17-22.37.53:792][ 50]LogModuleManager: Shutting down and abandoning module SpiderNavigation (364)
[2021.05.17-22.37.53:792][ 50]LogModuleManager: Shutting down and abandoning module HTML5Networking (362)
[2021.05.17-22.37.53:792][ 50]LogModuleManager: Shutting down and abandoning module GeometryCacheTracks (360)
[2021.05.17-22.37.53:792][ 50]LogModuleManager: Shutting down and abandoning module GeometryCacheSequencer (358)
[2021.05.17-22.37.53:792][ 50]LogModuleManager: Shutting down and abandoning module BackChannel (356)
[2021.05.17-22.37.53:810][ 50]LogModuleManager: Shutting down and abandoning module AppleVision (354)
[2021.05.17-22.37.53:810][ 50]LogModuleManager: Shutting down and abandoning module AppleImageUtilsBlueprintSupport (352)
[2021.05.17-22.37.53:810][ 50]LogModuleManager: Shutting down and abandoning module AppleImageUtils (350)
[2021.05.17-22.37.53:810][ 50]LogModuleManager: Shutting down and abandoning module AlembicImporter (348)
[2021.05.17-22.37.53:810][ 50]LogModuleManager: Shutting down and abandoning module AlembicLibrary (347)
[2021.05.17-22.37.53:810][ 50]LogModuleManager: Shutting down and abandoning module GeometryCache (346)
[2021.05.17-22.37.53:810][ 50]LogModuleManager: Shutting down and abandoning module GeometryCacheEd (345)
[2021.05.17-22.37.53:810][ 50]LogModuleManager: Shutting down and abandoning module VariantManagerContent (340)
[2021.05.17-22.37.53:810][ 50]LogModuleManager: Shutting down and abandoning module DatasmithContentEditor (338)
[2021.05.17-22.37.53:810][ 50]LogModuleManager: Shutting down and abandoning module SpeedTreeImporter (336)
[2021.05.17-22.37.53:810][ 50]LogModuleManager: Shutting down and abandoning module PluginBrowser (334)
[2021.05.17-22.37.53:872][ 50]LogModuleManager: Shutting down and abandoning module MobileLauncherProfileWizard (332)
[2021.05.17-22.37.53:888][ 50]LogModuleManager: Shutting down and abandoning module PolygonModeling (330)
[2021.05.17-22.37.53:888][ 50]LogModuleManager: Shutting down and abandoning module MeshEditor (328)
[2021.05.17-22.37.53:900][ 50]LogModuleManager: Shutting down and abandoning module CryptoKeysOpenSSL (326)
[2021.05.17-22.37.53:903][ 50]LogModuleManager: Shutting down and abandoning module CryptoKeys (324)
[2021.05.17-22.37.53:903][ 50]LogModuleManager: Shutting down and abandoning module VisualStudioSourceCodeAccess (322)
[2021.05.17-22.37.53:903][ 50]LogModuleManager: Shutting down and abandoning module VisualStudioCodeSourceCodeAccess (320)
[2021.05.17-22.37.53:903][ 50]LogModuleManager: Shutting down and abandoning module UObjectPlugin (318)
[2021.05.17-22.37.53:903][ 50]LogModuleManager: Shutting down and abandoning module SubversionSourceControl (316)
[2021.05.17-22.37.53:914][ 50]LogModuleManager: Shutting down and abandoning module PerforceSourceControl (314)
[2021.05.17-22.37.53:950][ 50]LogModuleManager: Shutting down and abandoning module GitSourceControl (312)
[2021.05.17-22.37.53:970][ 50]LogModuleManager: Shutting down and abandoning module SourceControl (311)
[2021.05.17-22.37.53:970][ 50]LogModuleManager: Shutting down and abandoning module CLionSourceCodeAccess (308)
[2021.05.17-22.37.53:970][ 50]LogModuleManager: Shutting down and abandoning module ActorLayerUtilitiesEditor (306)
[2021.05.17-22.37.53:970][ 50]LogModuleManager: Shutting down and abandoning module ActorLayerUtilities (304)
[2021.05.17-22.37.53:970][ 50]LogModuleManager: Shutting down and abandoning module LightPropagationVolumeEditor (302)
[2021.05.17-22.37.53:970][ 50]LogModuleManager: Shutting down and abandoning module PaperTiledImporter (300)
[2021.05.17-22.37.53:970][ 50]LogModuleManager: Shutting down and abandoning module PaperSpriteSheetImporter (298)
[2021.05.17-22.37.53:970][ 50]LogModuleManager: Shutting down and abandoning module Paper2DEditor (296)
[2021.05.17-22.37.54:000][ 50]LogModuleManager: Shutting down and abandoning module MeshPaint (295)
[2021.05.17-22.37.54:007][ 50]LogModuleManager: Shutting down and abandoning module RuntimePhysXCooking (292)
[2021.05.17-22.37.54:007][ 50]LogModuleManager: Shutting down and abandoning module PhysXVehiclesEditor (290)
[2021.05.17-22.37.54:007][ 50]LogModuleManager: Shutting down and abandoning module PhysXVehicles (288)
[2021.05.17-22.37.54:007][ 50]LogModuleManager: Shutting down and abandoning module OculusEditor (286)
[2021.05.17-22.37.54:017][ 50]LogModuleManager: Shutting down and abandoning module LocationServicesBPLibrary (284)
[2021.05.17-22.37.54:017][ 50]LogModuleManager: Shutting down and abandoning module ActorSequence (282)
[2021.05.17-22.37.54:017][ 50]LogModuleManager: Shutting down and abandoning module UdpMessaging (280)
[2021.05.17-22.37.54:126][ 50]LogModuleManager: Shutting down and abandoning module TcpMessaging (278)
[2021.05.17-22.37.54:238][ 50]LogModuleManager: Shutting down and abandoning module MagicLeapAudio (276)
[2021.05.17-22.37.54:238][ 50]LogModuleManager: Shutting down and abandoning module GameplayTagsEditor (274)
[2021.05.17-22.37.54:247][ 50]LogModuleManager: Shutting down and abandoning module FacialAnimationEditor (272)
[2021.05.17-22.37.54:247][ 50]LogModuleManager: Shutting down and abandoning module FacialAnimation (270)
[2021.05.17-22.37.54:247][ 50]LogModuleManager: Shutting down and abandoning module DataValidation (268)
[2021.05.17-22.37.54:247][ 50]LogModuleManager: Shutting down and abandoning module AssetManagerEditor (266)
[2021.05.17-22.37.54:259][ 50]LogModuleManager: Shutting down and abandoning module LevelEditor (265)
[2021.05.17-22.37.54:272][ 50]LogModuleManager: Shutting down and abandoning module PixelInspectorModule (264)
[2021.05.17-22.37.54:284][ 50]LogModuleManager: Shutting down and abandoning module CommonMenuExtensions (262)
[2021.05.17-22.37.54:284][ 50]LogModuleManager: Shutting down and abandoning module MainFrame (260)
[2021.05.17-22.37.54:284][ 50]LogModuleManager: Shutting down and abandoning module HotReload (259)
[2021.05.17-22.37.54:284][ 50]LogModuleManager: Shutting down and abandoning module ContentBrowser (255)
[2021.05.17-22.37.54:285][ 50]LogModuleManager: Shutting down and abandoning module TreeMap (253)
[2021.05.17-22.37.54:295][ 50]LogModuleManager: Shutting down and abandoning module LightPropagationVolumeRuntime (250)
[2021.05.17-22.37.54:295][ 50]LogModuleManager: Shutting down and abandoning module AISupportModule (248)
[2021.05.17-22.37.54:295][ 50]LogModuleManager: Shutting down and abandoning module Paper2D (246)
[2021.05.17-22.37.54:308][ 50]LogModuleManager: Shutting down and abandoning module WindowsMoviePlayer (244)
[2021.05.17-22.37.54:308][ 50]LogModuleManager: Shutting down and abandoning module WebMMoviePlayer (242)
[2021.05.17-22.37.54:308][ 50]LogModuleManager: Shutting down and abandoning module WmfMedia (240)
[2021.05.17-22.37.54:324][ 50]LogModuleManager: Shutting down and abandoning module Media (239)
[2021.05.17-22.37.54:330][ 50]LogModuleManager: Shutting down and abandoning module PacketHandler (236)
[2021.05.17-22.37.54:330][ 50]LogModuleManager: Shutting down and abandoning module ClothingSystemEditor (234)
[2021.05.17-22.37.54:330][ 50]LogModuleManager: Shutting down and abandoning module ClothingSystemRuntime (232)
[2021.05.17-22.37.54:348][ 50]LogModuleManager: Shutting down and abandoning module MediaAssets (230)
[2021.05.17-22.37.54:348][ 50]LogModuleManager: Shutting down and abandoning module Overlay (228)
[2021.05.17-22.37.54:348][ 50]LogModuleManager: Shutting down and abandoning module OverlayEditor (227)
[2021.05.17-22.37.54:348][ 50]LogModuleManager: Shutting down and abandoning module VREditor (224)
[2021.05.17-22.37.54:359][ 50]LogModuleManager: Shutting down and abandoning module StringTableEditor (222)
[2021.05.17-22.37.54:373][ 50]LogModuleManager: Shutting down and abandoning module GameplayTasksEditor (220)
[2021.05.17-22.37.54:373][ 50]LogModuleManager: Shutting down and abandoning module BehaviorTreeEditor (218)
[2021.05.17-22.37.54:402][ 50]LogModuleManager: Shutting down and abandoning module FunctionalTesting (216)
[2021.05.17-22.37.54:417][ 50]LogModuleManager: Shutting down and abandoning module CollisionAnalyzer (214)
[2021.05.17-22.37.54:437][ 50]LogModuleManager: Shutting down and abandoning module WorkspaceMenuStructure (213)
[2021.05.17-22.37.54:437][ 50]LogModuleManager: Shutting down and abandoning module UMG (210)
[2021.05.17-22.37.54:437][ 50]LogModuleManager: Shutting down and abandoning module UMGEditor (209)
[2021.05.17-22.37.54:445][ 50]LogModuleManager: Shutting down and abandoning module Sequencer (208)
[2021.05.17-22.37.54:488][ 50]LogModuleManager: Shutting down and abandoning module MessageLog (205)
[2021.05.17-22.37.54:488][ 50]LogModuleManager: Shutting down and abandoning module SlateReflector (200)
[2021.05.17-22.37.54:562][ 50]LogModuleManager: Shutting down and abandoning module Slate (198)
[2021.05.17-22.37.54:562][ 50]LogModuleManager: Shutting down and abandoning module EditorStyle (196)
[2021.05.17-22.37.54:565][ 50]LogModuleManager: Shutting down and abandoning module MRMesh (194)
[2021.05.17-22.37.54:565][ 50]LogModuleManager: Shutting down and abandoning module SourceCodeAccess (192)
[2021.05.17-22.37.54:565][ 50]LogModuleManager: Shutting down and abandoning module HeadMountedDisplay (190)
[2021.05.17-22.37.54:565][ 50]LogModuleManager: Shutting down and abandoning module XAudio2 (188)
[2021.05.17-22.37.54:565][ 50]LogModuleManager: Shutting down and abandoning module Networking (186)
[2021.05.17-22.37.54:565][ 50]LogModuleManager: Shutting down and abandoning module Core (184)
[2021.05.17-22.37.54:565][ 50]LogModuleManager: Shutting down and abandoning module LevelSequence (182)
[2021.05.17-22.37.54:565][ 50]LogModuleManager: Shutting down and abandoning module KismetCompiler (180)
[2021.05.17-22.37.54:565][ 50]LogModuleManager: Shutting down and abandoning module MeshUtilities (178)
[2021.05.17-22.37.54:571][ 50]LogModuleManager: Shutting down and abandoning module MeshMergeUtilities (177)
[2021.05.17-22.37.54:582][ 50]LogModuleManager: Shutting down and abandoning module MeshReductionInterface (176)
[2021.05.17-22.37.54:582][ 50]LogModuleManager: Shutting down and abandoning module SimplygonSwarm (175)
[2021.05.17-22.37.54:594][ 50]LogModuleManager: Shutting down and abandoning module ProxyLODMeshReduction (173)
[2021.05.17-22.37.54:610][ 50]LogModuleManager: Shutting down and abandoning module SimplygonMeshReduction (171)
[2021.05.17-22.37.54:610][ 50]LogModuleManager: Shutting down and abandoning module QuadricMeshReduction (169)
[2021.05.17-22.37.54:610][ 50]LogModuleManager: Shutting down and abandoning module MaterialBaking (165)
[2021.05.17-22.37.54:618][ 50]LogModuleManager: Shutting down and abandoning module DirectoryWatcher (161)
[2021.05.17-22.37.54:618][ 50]LogModuleManager: Shutting down and abandoning module DerivedDataCache (158)
[2021.05.17-22.37.54:735][ 50]LogDerivedDataCache: Shutdown
[2021.05.17-22.37.54:735][ 50]LogModuleManager: Shutting down and abandoning module XGEController (156)
[2021.05.17-22.37.54:748][ 50]LogXGEController: Cleaning working directory: C:/Users/Thai/AppData/Local/Temp/UnrealXGEWorkingDir/
[2021.05.17-22.37.54:748][ 50]LogModuleManager: Shutting down and abandoning module TargetPlatform (154)
[2021.05.17-22.37.54:748][ 50]LogModuleManager: Shutting down and abandoning module VulkanShaderFormat (153)
[2021.05.17-22.37.54:754][ 50]LogModuleManager: Shutting down and abandoning module ShaderFormatVectorVM (151)
[2021.05.17-22.37.54:754][ 50]LogModuleManager: Shutting down and abandoning module ShaderFormatOpenGL (149)
[2021.05.17-22.37.54:767][ 50]LogModuleManager: Shutting down and abandoning module ShaderFormatD3D (147)
[2021.05.17-22.37.54:767][ 50]LogModuleManager: Shutting down and abandoning module MetalShaderFormat (145)
[2021.05.17-22.37.54:786][ 50]LogModuleManager: Shutting down and abandoning module TextureFormatUncompressed (143)
[2021.05.17-22.37.54:786][ 50]LogModuleManager: Shutting down and abandoning module TextureFormatPVR (141)
[2021.05.17-22.37.54:786][ 50]LogModuleManager: Shutting down and abandoning module TextureFormatDXT (139)
[2021.05.17-22.37.54:786][ 50]LogModuleManager: Shutting down and abandoning module TextureFormatIntelISPCTexComp (137)
[2021.05.17-22.37.54:786][ 50]LogModuleManager: Shutting down and abandoning module TextureFormatASTC (135)
[2021.05.17-22.37.54:786][ 50]LogModuleManager: Shutting down and abandoning module ImageWrapper (134)
[2021.05.17-22.37.54:786][ 50]LogModuleManager: Shutting down and abandoning module TextureFormatAndroid (131)
[2021.05.17-22.37.54:786][ 50]LogModuleManager: Shutting down and abandoning module AudioFormatOpus (129)
[2021.05.17-22.37.54:786][ 50]LogModuleManager: Shutting down and abandoning module AudioFormatOgg (127)
[2021.05.17-22.37.54:786][ 50]LogModuleManager: Shutting down and abandoning module AudioFormatADPCM (125)
[2021.05.17-22.37.54:786][ 50]LogModuleManager: Shutting down and abandoning module LuminTargetPlatform (123)
[2021.05.17-22.37.54:787][ 50]LogModuleManager: Shutting down and abandoning module LinuxTargetPlatform (121)
[2021.05.17-22.37.54:787][ 50]LogModuleManager: Shutting down and abandoning module LinuxServerTargetPlatform (119)
[2021.05.17-22.37.54:787][ 50]LogModuleManager: Shutting down and abandoning module LinuxNoEditorTargetPlatform (117)
[2021.05.17-22.37.54:787][ 50]LogModuleManager: Shutting down and abandoning module LinuxClientTargetPlatform (115)
[2021.05.17-22.37.54:787][ 50]LogModuleManager: Shutting down and abandoning module TVOSTargetPlatform (113)
[2021.05.17-22.37.54:813][ 50]LogModuleManager: Shutting down and abandoning module Messaging (111)
[2021.05.17-22.37.54:813][ 50]LogModuleManager: Shutting down and abandoning module IOSTargetPlatform (109)
[2021.05.17-22.37.54:813][ 50]LogModuleManager: Shutting down and abandoning module HTML5TargetPlatform (107)
[2021.05.17-22.37.54:813][ 50]LogModuleManager: Shutting down and abandoning module AndroidTargetPlatform (105)
[2021.05.17-22.37.54:819][ 50]LogModuleManager: Shutting down and abandoning module WindowsTargetPlatform (103)
[2021.05.17-22.37.54:819][ 50]LogModuleManager: Shutting down and abandoning module WindowsServerTargetPlatform (101)
[2021.05.17-22.37.54:819][ 50]LogModuleManager: Shutting down and abandoning module WindowsNoEditorTargetPlatform (99)
[2021.05.17-22.37.54:819][ 50]LogModuleManager: Shutting down and abandoning module WindowsClientTargetPlatform (97)
[2021.05.17-22.37.54:819][ 50]LogModuleManager: Shutting down and abandoning module MacTargetPlatform (95)
[2021.05.17-22.37.54:819][ 50]LogModuleManager: Shutting down and abandoning module MacServerTargetPlatform (93)
[2021.05.17-22.37.54:819][ 50]LogModuleManager: Shutting down and abandoning module MacNoEditorTargetPlatform (91)
[2021.05.17-22.37.54:819][ 50]LogModuleManager: Shutting down and abandoning module MacClientTargetPlatform (89)
[2021.05.17-22.37.54:819][ 50]LogModuleManager: Shutting down and abandoning module AllDesktopTargetPlatform (87)
[2021.05.17-22.37.54:819][ 50]LogModuleManager: Shutting down and abandoning module InputCore (84)
[2021.05.17-22.37.54:819][ 50]LogModuleManager: Shutting down and abandoning module Settings (82)
[2021.05.17-22.37.54:819][ 50]LogModuleManager: Shutting down and abandoning module PhysXCooking (80)
[2021.05.17-22.37.54:819][ 50]LogModuleManager: Shutting down and abandoning module OculusHMD (78)
[2021.05.17-22.37.54:819][ 50]LogModuleManager: Shutting down and abandoning module ExampleDeviceProfileSelector (76)
[2021.05.17-22.37.54:819][ 50]LogModuleManager: Shutting down and abandoning module LauncherChunkInstaller (74)
[2021.05.17-22.37.54:819][ 50]LogModuleManager: Shutting down and abandoning module OnlineBlueprintSupport (72)
[2021.05.17-22.37.54:819][ 50]LogModuleManager: Shutting down and abandoning module OnlineSubsystem (68)
[2021.05.17-22.37.54:825][ 50]LogModuleManager: Shutting down and abandoning module XMPP (63)
[2021.05.17-22.37.54:840][ 50]LogModuleManager: Shutting down and abandoning module WebSockets (62)
[2021.05.17-22.37.54:863][ 50]LogModuleManager: Shutting down and abandoning module HTTP (59)
[2021.05.17-22.37.54:863][ 50]LogHttp: Display: Http module shutting down, but needs to wait on 1 outstanding Http requests:
[2021.05.17-22.37.54:863][ 50]LogHttp: Display: 	verb=[POST] url=[https://datarouter.ol.epicgames.com/datarouter/api/v1/public/data?SessionID=%7B07751BDF-408C-D9F2-F808-C8B4FE6DB1D8%7D&AppID=UEEditor.Rocket.Release&AppVersion=4.21.2-4753647%2B%2B%2BUE4%2BRelease-4.21&UserID=6e38db334cc496710e5643a24f0154f6%7Cab87705aaca34a649380b6f0fc866cfa%7Cb4c745c7-d7bd-42a4-a972-d2c2dd3e3dae&AppEnvironment=datacollector-binary&UploadType=eteventstream] status=Processing
[2021.05.17-22.37.54:881][ 50]LogModuleManager: Shutting down and abandoning module SSL (58)
[2021.05.17-22.37.54:883][ 50]LogModuleManager: Shutting down and abandoning module MagicLeapIdentity (54)
[2021.05.17-22.37.54:883][ 50]LogModuleManager: Shutting down and abandoning module MagicLeapHelperVulkan (52)
[2021.05.17-22.37.54:883][ 50]LogModuleManager: Shutting down and abandoning module MagicLeapHelperOpenGL (50)
[2021.05.17-22.37.54:883][ 50]LogModuleManager: Shutting down and abandoning module MagicLeapSecureStorage (48)
[2021.05.17-22.37.54:883][ 50]LogModuleManager: Shutting down and abandoning module MagicLeapHandTracking (46)
[2021.05.17-22.37.54:883][ 50]LogModuleManager: Shutting down and abandoning module MagicLeapEyeTracker (44)
[2021.05.17-22.37.54:883][ 50]LogModuleManager: Shutting down and abandoning module MagicLeapController (42)
[2021.05.17-22.37.54:883][ 50]LogSlate: Slate User Destroyed.  User Index 0, Is Virtual User: 0
[2021.05.17-22.37.54:883][ 50]LogModuleManager: Shutting down and abandoning module MagicLeap (40)
[2021.05.17-22.37.54:913][ 50]LogModuleManager: Shutting down and abandoning module DatasmithContent (38)
[2021.05.17-22.37.54:914][ 50]LogModuleManager: Shutting down and abandoning module AnimationModifiers (36)
[2021.05.17-22.37.54:931][ 50]LogModuleManager: Shutting down and abandoning module PropertyEditor (35)
[2021.05.17-22.37.54:931][ 50]LogModuleManager: Shutting down and abandoning module AudioEditor (32)
[2021.05.17-22.37.54:953][ 50]LogModuleManager: Shutting down and abandoning module TextureCompressor (30)
[2021.05.17-22.37.54:953][ 50]LogModuleManager: Shutting down and abandoning module ShaderCore (28)
[2021.05.17-22.37.54:953][ 50]LogModuleManager: Shutting down and abandoning module Landscape (26)
[2021.05.17-22.37.54:953][ 50]LogModuleManager: Shutting down and abandoning module SlateRHIRenderer (24)
[2021.05.17-22.37.54:972][ 50]LogModuleManager: Shutting down and abandoning module OpenGLDrv (22)
[2021.05.17-22.37.54:987][ 50]LogModuleManager: Shutting down and abandoning module D3D11RHI (20)
[2021.05.17-22.37.54:987][ 50]LogModuleManager: Shutting down and abandoning module AnimGraphRuntime (18)
[2021.05.17-22.37.54:991][ 50]LogModuleManager: Shutting down and abandoning module Renderer (16)
[2021.05.17-22.37.54:991][ 50]LogModuleManager: Shutting down and abandoning module Engine (14)
[2021.05.17-22.37.54:991][ 50]LogModuleManager: Shutting down and abandoning module CoreUObject (12)
[2021.05.17-22.37.54:991][ 50]LogModuleManager: Shutting down and abandoning module NetworkFile (10)
[2021.05.17-22.37.54:991][ 50]LogModuleManager: Shutting down and abandoning module CookedIterativeFile (8)
[2021.05.17-22.37.54:991][ 50]LogModuleManager: Shutting down and abandoning module StreamingFile (6)
[2021.05.17-22.37.54:991][ 50]LogModuleManager: Shutting down and abandoning module SandboxFile (4)
[2021.05.17-22.37.54:991][ 50]LogModuleManager: Shutting down and abandoning module PakFile (2)
[2021.05.17-22.37.55:009][ 50]LogExit: Exiting.
[2021.05.17-22.37.55:011][ 50]Log file closed, 05/17/21 23:37:55
